#
# A fatal error has been detected by the Java Runtime Environment:
#
#  EXCEPTION_ACCESS_VIOLATION (0xc0000005) at pc=0x000001e5b47fa2ca, pid=23744, tid=8784
#
# JRE version: OpenJDK Runtime Environment (15.0.2+7) (build 15.0.2+7-27)
# Java VM: OpenJDK 64-Bit Server VM (15.0.2+7-27, mixed mode, sharing, tiered, compressed oops, g1 gc, windows-amd64)
# Problematic frame:
# J 1921 c1 org.springframework.core.annotation.AnnotationTypeMappings.forAnnotationType(Ljava/lang/Class;Lorg/springframework/core/annotation/RepeatableContainers;Lorg/springframework/core/annotation/AnnotationFilter;)Lorg/springframework/core/annotation/AnnotationTypeMappings; (71 bytes) @ 0x000001e5b47fa2ca [0x000001e5b47fa260+0x000000000000006a]
#
# No core dump will be written. Minidumps are not enabled by default on client versions of Windows
#
# If you would like to submit a bug report, please visit:
#   https://bugreport.java.com/bugreport/crash.jsp
#

---------------  S U M M A R Y ------------

Command Line: -javaagent:C:\Program Files\JetBrains\IntelliJ IDEA Community Edition 2020.3.2\lib\idea_rt.jar=60807:C:\Program Files\JetBrains\IntelliJ IDEA Community Edition 2020.3.2\bin -Dfile.encoding=UTF-8 com.hockey43.iInTeam.JourneymanApplication

Host: AMD Ryzen 5 2400G with Radeon Vega Graphics    , 8 cores, 14G,  Windows 10 , 64 bit Build 19041 (10.0.19041.1023)
Time: Tue Jul 13 00:47:57 2021 Eastern Daylight Time elapsed time: 1539.722302 seconds (0d 0h 25m 39s)

---------------  T H R E A D  ---------------

Current thread (0x000001e5d41e3b70):  JavaThread "http-nio-8080-exec-7" daemon [_thread_in_Java, id=8784, stack(0x000000d60b200000,0x000000d60b300000)]

Stack: [0x000000d60b200000,0x000000d60b300000],  sp=0x000000d60b2fbc78,  free space=1007k
Native frames: (J=compiled Java code, j=interpreted, Vv=VM code, C=native code)
C  0x000001e5b47fa2ca


siginfo: EXCEPTION_ACCESS_VIOLATION (0xc0000005), writing address 0x00000000000104bf


Register to memory mapping:

RIP=0x000001e5b47fa2ca is at entry_point+106 in (nmethod*)0x000001e5b47f9e90
RAX=0x000000d60b2fbcf0 is pointing into the stack for thread: 0x000001e5d41e3b70
RBX=0x0000000000000001 is an unknown value
RCX=0x000001e5d3e8d150 is pointing into metadata
RDX=0x0000000714f29491 is pointing into object: java.lang.Class 
{0x0000000714f29448} - klass: 'java/lang/Class'
RSP=0x000000d60b2fbc78 is pointing into the stack for thread: 0x000001e5d41e3b70
RBP=0x00000000165f86e0 is an unknown value
RSI=0x00000007117eeca0 is an oop: org.springframework.core.annotation.PackagesAnnotationFilter 
{0x00000007117eeca0} - klass: 'org/springframework/core/annotation/PackagesAnnotationFilter'
RDI=0x00000008000143b0 is a pointer to class: 
java.lang.Class {0x00000008000143b8}
R8 =0x00000007117eed50 is an oop: org.springframework.core.annotation.RepeatableContainers$NoRepeatableContainers 
{0x00000007117eed50} - klass: 'org/springframework/core/annotation/RepeatableContainers$NoRepeatableContainers'
R9 =0x00000007117eeca0 is an oop: org.springframework.core.annotation.PackagesAnnotationFilter 
{0x00000007117eeca0} - klass: 'org/springframework/core/annotation/PackagesAnnotationFilter'
R10=0x000001e5a9c11000 points into unknown readable memory: 0x0000000000000000 | 00 00 00 00 00 00 00 00
R11=3802026633 is a compressed pointer to object: java.lang.Class 
{0x0000000714f29448} - klass: 'java/lang/Class'
R12=0x0 is NULL
R13=0x0 is NULL
R14=0x000000000000002b is an unknown value
R15=0x000001e5d41e3b70 is a thread


Registers:
RAX=0x000000d60b2fbcf0, RBX=0x0000000000000001, RCX=0x000001e5d3e8d150, RDX=0x0000000714f29491
RSP=0x000000d60b2fbc78, RBP=0x00000000165f86e0, RSI=0x00000007117eeca0, RDI=0x00000008000143b0
R8 =0x00000007117eed50, R9 =0x00000007117eeca0, R10=0x000001e5a9c11000, R11=0x00000000e29e5289
R12=0x0000000000000000, R13=0x0000000000000000, R14=0x000000000000002b, R15=0x000001e5d41e3b70
RIP=0x000001e5b47fa2ca, EFLAGS=0x0000000000010282

Top of Stack: (sp=0x000000d60b2fbc78)
0x000000d60b2fbc78:   000000d60b2fbcf0 0000000000000003
0x000000d60b2fbc88:   0000000719f3d5f8 000000d60b2fbcf0
0x000000d60b2fbc98:   000001e5d41e3b70 000000d60b2fbcd0
0x000000d60b2fbca8:   00007ff9b5e921d7 0000000719f41ab8
0x000000d60b2fbcb8:   0000000800b50e40 000001e5d41e3b70
0x000000d60b2fbcc8:   00007ff9b5ef4a55 0000000719f41ab8
0x000000d60b2fbcd8:   00007ff9b60e6a2e 0000000800b50e40
0x000000d60b2fbce8:   00007ff9b60e8c71 00007ff9c187e3d0
0x000000d60b2fbcf8:   000001e5d41e3b70 0000000714f29af0
0x000000d60b2fbd08:   0000000714f29ae0 0000000000000000
0x000000d60b2fbd18:   000001e5d41e3b70 00000007117eed50
0x000000d60b2fbd28:   00007ff9e22d29d7 0000000719f41ab8
0x000000d60b2fbd38:   0000000714f29448 000000d60b2fc370
0x000000d60b2fbd48:   000001e5b529c094 0000000719f3d501
0x000000d60b2fbd58:   000001e5d41e3b70 000001e5d41e3b70
0x000000d60b2fbd68:   0000000000000000 0000000714f29af0 

Instructions: (pc=0x000001e5b47fa2ca)
0x000001e5b47fa1ca:   0a c0 17 64 0a 64 05 c0 17 64 0a c0 17 64 20 64
0x000001e5b47fa1da:   18 64 0a 64 09 64 38 64 08 00 01 f8 21 fc 05 50
0x000001e5b47fa1ea:   00 c0 0a 64 01 f8 41 f9 06 50 00 c0 0a 64 01 f8
0x000001e5b47fa1fa:   51 f6 06 50 00 c0 0a 64 01 f8 93 f3 06 50 00 c0
0x000001e5b47fa20a:   0a 64 01 f8 f1 f1 06 50 00 c0 0a 64 01 f8 b1 ef
0x000001e5b47fa21a:   06 50 00 c0 0a 64 01 f8 d9 ec 06 50 00 c0 0a 64
0x000001e5b47fa22a:   01 f8 e9 e9 06 50 00 c0 0a 64 01 f8 2b e7 06 50
0x000001e5b47fa23a:   00 c0 0a 64 05 64 03 f8 56 b6 c0 eb f9 7f 05 70
0x000001e5b47fa24a:   0e 60 01 f8 2e fd 0e 90 0c 64 00 00 00 00 00 00
0x000001e5b47fa25a:   00 00 00 00 00 00 89 84 24 00 90 ff ff 55 48 81
0x000001e5b47fa26a:   ec 20 01 00 00 48 89 94 24 c8 00 00 00 4c 89 84
0x000001e5b47fa27a:   24 b0 00 00 00 4c 89 8c 24 b8 00 00 00 48 be 78
0x000001e5b47fa28a:   47 93 d1 e5 01 00 00 8b be 04 01 00 00 83 c7 02
0x000001e5b47fa29a:   89 be 04 01 00 00 81 e7 fe 07 00 00 83 ff 00 0f
0x000001e5b47fa2aa:   84 9e 19 00 00 48 be 78 47 93 d1 e5 01 00 00 48
0x000001e5b47fa2ba:   83 86 48 01 00 00 01 48 be 58 b2 91 d1 e5 01 00
0x000001e5b47fa2ca:   00 8b be 04 01 00 00 83 c7 02 89 be 04 01 00 00
0x000001e5b47fa2da:   81 e7 fe ff 1f 00 83 ff 00 0f 84 85 19 00 00 48
0x000001e5b47fa2ea:   be 58 b2 91 d1 e5 01 00 00 48 83 86 48 01 00 00
0x000001e5b47fa2fa:   01 48 be e8 b3 91 d1 e5 01 00 00 8b be 04 01 00
0x000001e5b47fa30a:   00 83 c7 02 89 be 04 01 00 00 81 e7 fe ff 1f 00
0x000001e5b47fa31a:   83 ff 00 0f 84 6c 19 00 00 48 be 20 0c 94 11 07
0x000001e5b47fa32a:   00 00 00 8b 76 78 48 c1 e6 03 4c 3b c6 48 be 78
0x000001e5b47fa33a:   47 93 d1 e5 01 00 00 48 bf 68 01 00 00 00 00 00
0x000001e5b47fa34a:   00 0f 84 0a 00 00 00 48 bf 58 01 00 00 00 00 00
0x000001e5b47fa35a:   00 48 8b 1c 3e 48 8d 5b 01 48 89 1c 3e 0f 84 22
0x000001e5b47fa36a:   0d 00 00 48 be 78 47 93 d1 e5 01 00 00 48 83 86
0x000001e5b47fa37a:   50 02 00 00 01 48 be 80 50 93 d1 e5 01 00 00 8b
0x000001e5b47fa38a:   be 04 01 00 00 83 c7 02 89 be 04 01 00 00 81 e7
0x000001e5b47fa39a:   fe ff 1f 00 83 ff 00 0f 84 09 19 00 00 48 be 80
0x000001e5b47fa3aa:   50 93 d1 e5 01 00 00 48 83 86 48 01 00 00 01 48
0x000001e5b47fa3ba:   be 10 52 93 d1 e5 01 00 00 8b be 04 01 00 00 83 


Stack slot to memory mapping:
stack at sp + 0 slots: 0x000000d60b2fbcf0 is pointing into the stack for thread: 0x000001e5d41e3b70
stack at sp + 1 slots: 0x0000000000000003 is an unknown value
stack at sp + 2 slots: 0x0000000719f3d5f8 is an oop: sun.security.provider.SHA2$SHA256 
{0x0000000719f3d5f8} - klass: 'sun/security/provider/SHA2$SHA256'
stack at sp + 3 slots: 0x000000d60b2fbcf0 is pointing into the stack for thread: 0x000001e5d41e3b70
stack at sp + 4 slots: 0x000001e5d41e3b70 is a thread
stack at sp + 5 slots: 0x000000d60b2fbcd0 is pointing into the stack for thread: 0x000001e5d41e3b70
stack at sp + 6 slots: 0x00007ff9b5e921d7 jvm.dll
stack at sp + 7 slots: 0x0000000719f41ab8 is an oop: [Ljava.lang.annotation.Annotation; 
{0x0000000719f41ab8} - klass: 'java/lang/annotation/Annotation'[]
 - length: 1

--------------------------------------------------------------------------------
[Constant Pool (empty)]

--------------------------------------------------------------------------------

[MachCode]
  0x000001e5b47fa260: 8984 2400 | 90ff ff55 | 4881 ec20 | 0100 0048 | 8994 24c8 | 0000 004c | 8984 24b0 | 0000 004c 
  0x000001e5b47fa280: 898c 24b8 | 0000 0048 | be78 4793 | d1e5 0100 | 008b be04 | 0100 0083 | c702 89be | 0401 0000 
  0x000001e5b47fa2a0: 81e7 fe07 | 0000 83ff | 000f 849e | 1900 0048 | be78 4793 | d1e5 0100 | 0048 8386 | 4801 0000 
  0x000001e5b47fa2c0: 0148 be58 | b291 d1e5 | 0100 008b | be04 0100 | 0083 c702 | 89be 0401 | 0000 81e7 | feff 1f00 
  0x000001e5b47fa2e0: 83ff 000f | 8485 1900 | 0048 be58 | b291 d1e5 | 0100 0048 | 8386 4801 | 0000 0148 | bee8 b391 
  0x000001e5b47fa300: d1e5 0100 | 008b be04 | 0100 0083 | c702 89be | 0401 0000 | 81e7 feff | 1f00 83ff | 000f 846c 
  0x000001e5b47fa320: 1900 0048 | be20 0c94 | 1107 0000 | 008b 7678 | 48c1 e603 | 4c3b c648 | be78 4793 | d1e5 0100 
  0x000001e5b47fa340: 0048 bf68 | 0100 0000 | 0000 000f | 840a 0000 | 0048 bf58 | 0100 0000 | 0000 0048 | 8b1c 3e48 
  0x000001e5b47fa360: 8d5b 0148 | 891c 3e0f | 8422 0d00 | 0048 be78 | 4793 d1e5 | 0100 0048 | 8386 5002 | 0000 0148 
  0x000001e5b47fa380: be80 5093 | d1e5 0100 | 008b be04 | 0100 0083 | c702 89be | 0401 0000 | 81e7 feff | 1f00 83ff 
  0x000001e5b47fa3a0: 000f 8409 | 1900 0048 | be80 5093 | d1e5 0100 | 0048 8386 | 4801 0000 | 0148 be10 | 5293 d1e5 
  0x000001e5b47fa3c0: 0100 008b | be04 0100 | 0083 c702 | 89be 0401 | 0000 81e7 | feff 1f00 | 83ff 000f | 84f0 1800 
  0x000001e5b47fa3e0: 0048 be10 | 1994 1107 | 0000 008b | 7670 48c1 | e603 4c3b | c648 be78 | 4793 d1e5 | 0100 0048 
  0x000001e5b47fa400: bf60 0200 | 0000 0000 | 000f 850a | 0000 0048 | bf70 0200 | 0000 0000 | 0048 8b1c | 3e48 8d5b 
  0x000001e5b47fa420: 0148 891c | 3e0f 85ba | 0b00 0048 | be78 4793 | d1e5 0100 | 0048 8db6 | 9002 0000 | 498b f848 
  0x000001e5b47fa440: 85ff 750a | 4881 4e08 | 0100 0000 | eb59 8b7f | 0848 c1e7 | 0349 ba00 | 0000 0008 | 0000 0049 
  0x000001e5b47fa460: 03fa 4833 | 7e08 48f7 | c7fc ffff | ff74 3848 | f7c7 0200 | 0000 752f | 4881 7e08 | 0000 0000 
  0x000001e5b47fa480: 7421 4881 | 7e08 0100 | 0000 7417 | 4833 7e08 | 48f7 c7fc | ffff ff74 | 0e48 814e | 0802 0000 
  0x000001e5b47fa4a0: 00eb 0448 | 897e 0848 | be20 42d7 | cee5 0100 | 0048 8db6 | 3802 0000 | 498b f848 | 85ff 7507 
  0x000001e5b47fa4c0: 4881 0e01 | 0000 0048 | bff0 89fe | 1107 0000 | 0048 8bdf | 4885 db75 | 0848 814e | 1001 0000 
  0x000001e5b47fa4e0: 0048 be78 | 4793 d1e5 | 0100 0048 | 8386 8002 | 0000 0148 | be20 42d7 | cee5 0100 | 008b 9e04 
  0x000001e5b47fa500: 0100 0083 | c302 899e | 0401 0000 | 81e3 feff | 1f00 83fb | 000f 84d7 | 1700 0048 | be20 42d7 
  0x000001e5b47fa520: cee5 0100 | 0048 8db6 | b801 0000 | 498b d848 | 85db 7508 | 4881 4e08 | 0100 0000 | 48be c047 
  0x000001e5b47fa540: d7ce e501 | 0000 488d | b678 0200 | 0048 8bdf | 4885 db75 | 0748 810e | 0100 0000 | 498b d848 
  0x000001e5b47fa560: 85db 7508 | 4881 4e10 | 0100 0000 | 48be 2042 | d7ce e501 | 0000 4883 | 8680 0100 | 0001 48be 
  0x000001e5b47fa580: c047 d7ce | e501 0000 | 8b9e 0401 | 0000 83c3 | 0289 9e04 | 0100 0081 | e3fe ff1f | 0083 fb00 
  0x000001e5b47fa5a0: 0f84 6d17 | 0000 48be | c047 d7ce | e501 0000 | 488d b658 | 0100 0048 | 8bdf 4885 | db75 0848 
  0x000001e5b47fa5c0: 814e 0801 | 0000 0048 | bec0 47d7 | cee5 0100 | 0048 8386 | 4801 0000 | 0148 be38 | 41d6 cee5 
  0x000001e5b47fa5e0: 0100 008b | 9e04 0100 | 0083 c302 | 899e 0401 | 0000 81e3 | feff 1f00 | 83fb 000f | 8433 1700 
  0x000001e5b47fa600: 0048 be00 | e966 1107 | 0000 0048 | 8bde 48b8 | 3841 d6ce | e501 0000 | 4883 8080 | 0100 0001 
  0x000001e5b47fa620: 49b8 403d | ef11 0700 | 0000 488b | d648 89b4 | 24c0 0000 | 0048 89bc | 24a8 0000 | 0066 90e8 
  0x000001e5b47fa640: 2471 2307 | 49b8 c047 | d7ce e501 | 0000 4d8d | 8068 0100 | 004c 8bc8 | 4d85 c975 | 0749 8108 
  0x000001e5b47fa660: 0100 0000 | 49b8 c047 | d7ce e501 | 0000 4d8d | 8088 0100 | 0048 8bbc | 24a8 0000 | 004c 8bcf 
  0x000001e5b47fa680: 4d85 c975 | 0849 8148 | 0801 0000 | 0049 b8c0 | 47d7 cee5 | 0100 0049 | 8380 7801 | 0000 0149 
  0x000001e5b47fa6a0: b830 43d6 | cee5 0100 | 0045 8b88 | 0401 0000 | 4183 c102 | 4589 8804 | 0100 0041 | 81e1 feff 
  0x000001e5b47fa6c0: 1f00 4183 | f900 0f84 | 8916 0000 | 49b8 c047 | d7ce e501 | 0000 4d8d | 8098 0100 | 0049 b960 
  0x000001e5b47fa6e0: 8afe 1107 | 0000 004d | 85c9 7507 | 4981 0801 | 0000 0048 | 3b00 49b8 | c047 d7ce | e501 0000 
  0x000001e5b47fa700: 4d8d 80f0 | 0100 0048 | 8b9c 24b0 | 0000 004c | 8bcb 4d85 | c975 0849 | 8148 1801 | 0000 004c 
  0x000001e5b47fa720: 8bc0 49b9 | c047 d7ce | e501 0000 | 4983 81e0 | 0100 0001 | 49b8 7053 | 93d1 e501 | 0000 458b 
  0x000001e5b47fa740: 8804 0100 | 0041 83c1 | 0245 8988 | 0401 0000 | 4181 e1fe | ff1f 0041 | 83f9 000f | 841a 1600 
  0x000001e5b47fa760: 004c 8bc0 | 49b9 7053 | 93d1 e501 | 0000 4983 | 8148 0100 | 0001 49b8 | a8a5 a9ce | e501 0000 
  0x000001e5b47fa780: 458b 8804 | 0100 0041 | 83c1 0245 | 8988 0401 | 0000 4181 | e1fe ff1f | 0041 83f9 | 000f 84f9 
  0x000001e5b47fa7a0: 1500 0045 | 0fbe 4730 | 4183 f800 | 0f85 0b16 | 0000 4c8b | d349 c1ea | 0344 8950 | 0c4c 8bc0 
  0x000001e5b47fa7c0: 4c33 c349 | c1e8 1549 | 83f8 000f | 850c 1600 | 0049 b820 | 42d7 cee5 | 0100 004d | 8d80 c801 
  0x000001e5b47fa7e0: 0000 4c8b | c84d 85c9 | 7507 4981 | 0801 0000 | 0049 b878 | 4793 d1e5 | 0100 004d | 8d80 a002 
  0x000001e5b47fa800: 0000 4c8b | c84d 85c9 | 7509 4981 | 0801 0000 | 00eb 5445 | 8b49 0849 | c1e1 0349 | ba00 0000 
  0x000001e5b47fa820: 0008 0000 | 004d 03ca | 4d33 0849 | f7c1 fcff | ffff 7433 | 49f7 c102 | 0000 0075 | 2a49 8138 
  0x000001e5b47fa840: 0000 0000 | 741e 4981 | 3801 0000 | 0074 154d | 3308 49f7 | c1fc ffff | ff74 0c49 | 8108 0200 
  0x000001e5b47fa860: 0000 eb03 | 4d89 0848 | ba80 eb7e | 1107 0000 | 004c 8bc2 | 49b9 7847 | 93d1 e501 | 0000 458b 
  0x000001e5b47fa880: 4008 49c1 | e003 49ba | 0000 0000 | 0800 0000 | 4d03 c24d | 3b81 c002 | 0000 750d | 4983 81c8 
  0x000001e5b47fa8a0: 0200 0001 | e966 0000 | 004d 3b81 | d002 0000 | 750d 4983 | 81d8 0200 | 0001 e950 | 0000 0049 
  0x000001e5b47fa8c0: 81b9 c002 | 0000 0000 | 0000 7517 | 4d89 81c0 | 0200 0049 | c781 c802 | 0000 0100 | 0000 e92c 
  0x000001e5b47fa8e0: 0000 0049 | 81b9 d002 | 0000 0000 | 0000 7517 | 4d89 81d0 | 0200 0049 | c781 d802 | 0000 0100 
  0x000001e5b47fa900: 0000 e908 | 0000 0049 | 8381 b002 | 0000 014c | 8b84 24b8 | 0000 004c | 8bc8 0f1f | 4400 00e8 
  0x000001e5b47fa920: 7ce2 8600 | 4883 f800 | 7516 48ba | 7847 93d1 | e501 0000 | 808a e102 | 0000 01e9 | db00 0000 
  0x000001e5b47fa940: 48bf 302e | be00 0800 | 0000 448b | 4008 49c1 | e003 49ba | 0000 0000 | 0800 0000 | 4d03 c249 
  0x000001e5b47fa960: 3bf8 0f85 | 9700 0000 | 48ba 7847 | 93d1 e501 | 0000 8b78 | 0848 c1e7 | 0349 ba00 | 0000 0008 
  0x000001e5b47fa980: 0000 0049 | 03fa 483b | baf8 0200 | 0075 0d48 | 8382 0003 | 0000 01e9 | 7f00 0000 | 483b ba08 
  0x000001e5b47fa9a0: 0300 0075 | 0d48 8382 | 1003 0000 | 01e9 6900 | 0000 4881 | baf8 0200 | 0000 0000 | 0075 1748 
  0x000001e5b47fa9c0: 89ba f802 | 0000 48c7 | 8200 0300 | 0001 0000 | 00e9 4500 | 0000 4881 | ba08 0300 | 0000 0000 
  0x000001e5b47fa9e0: 0075 1748 | 89ba 0803 | 0000 48c7 | 8210 0300 | 0001 0000 | 00e9 2100 | 0000 e91c | 0000 0048 
  0x000001e5b47faa00: ba78 4793 | d1e5 0100 | 0048 83aa | e802 0000 | 01e9 df13 | 0000 e900 | 0000 0048 | 8bf0 483b 
  0x000001e5b47faa20: 064c 8bc6 | 48ba 7847 | 93d1 e501 | 0000 49ba | 302e be00 | 0800 0000 | 4c89 9230 | 0300 0048 
  0x000001e5b47faa40: 8382 3803 | 0000 0149 | b8c0 4c93 | d1e5 0100 | 0041 8b90 | 0401 0000 | 83c2 0241 | 8990 0401 
  0x000001e5b47faa60: 0000 81e2 | feff 1f00 | 83fa 000f | 8492 1300 | 008b 7e14 | 48c1 e703 | 49b8 c04c | 93d1 e501 
  0x000001e5b47faa80: 0000 4d8d | 8058 0100 | 0048 8bd6 | 48ba 302e | be00 0800 | 0000 4933 | 5008 48f7 | c2fc ffff 
  0x000001e5b47faaa0: ff74 0449 | 8950 0849 | b820 42d7 | cee5 0100 | 004d 8d80 | 3802 0000 | 48bb f0b5 | 9c11 0700 
  0x000001e5b47faac0: 0000 488b | d348 85d2 | 7508 4981 | 4810 0100 | 0000 49b8 | c04c 93d1 | e501 0000 | 4983 8048 
  0x000001e5b47faae0: 0100 0001 | 49b8 2042 | d7ce e501 | 0000 418b | 9004 0100 | 0083 c202 | 4189 9004 | 0100 0081 
  0x000001e5b47fab00: e2fe ff1f | 0083 fa00 | 0f84 1613 | 0000 49b8 | c047 d7ce | e501 0000 | 4d8d 8078 | 0200 0048 
  0x000001e5b47fab20: 8bd3 4885 | d275 0749 | 8108 0100 | 0000 49b8 | 2042 d7ce | e501 0000 | 4983 8080 | 0100 0001 
  0x000001e5b47fab40: 49b8 c047 | d7ce e501 | 0000 418b | 9004 0100 | 0083 c202 | 4189 9004 | 0100 0081 | e2fe ff1f 
  0x000001e5b47fab60: 0083 fa00 | 0f84 db12 | 0000 49b8 | c047 d7ce | e501 0000 | 4d8d 8058 | 0100 0048 | 8bd3 4885 
  0x000001e5b47fab80: d275 0849 | 8148 0801 | 0000 0049 | b8c0 47d7 | cee5 0100 | 0049 8380 | 4801 0000 | 0149 b838 
  0x000001e5b47faba0: 41d6 cee5 | 0100 0041 | 8b90 0401 | 0000 83c2 | 0241 8990 | 0401 0000 | 81e2 feff | 1f00 83fa 
  0x000001e5b47fabc0: 000f 849f | 1200 004c | 8b84 24c0 | 0000 0048 | ba38 41d6 | cee5 0100 | 0048 8382 | 8001 0000 
  0x000001e5b47fabe0: 0149 b8b8 | 461e 1307 | 0000 0048 | 8b94 24c0 | 0000 0048 | 89bc 24e0 | 0000 0048 | 89b4 24d8 
  0x000001e5b47fac00: 0000 0048 | 899c 24d0 | 0000 000f | 1f40 00e8 | 546b 2307 | 49b8 c047 | d7ce e501 | 0000 4d8d 
  0x000001e5b47fac20: 8068 0100 | 004c 8bc8 | 4d85 c975 | 0749 8108 | 0100 0000 | 49b8 c047 | d7ce e501 | 0000 4d8d 
  0x000001e5b47fac40: 8088 0100 | 0048 8b9c | 24d0 0000 | 004c 8bcb | 4d85 c975 | 0849 8148 | 0801 0000 | 0049 b8c0 
  0x000001e5b47fac60: 47d7 cee5 | 0100 0049 | 8380 7801 | 0000 0149 | b830 43d6 | cee5 0100 | 0045 8b88 | 0401 0000 
  0x000001e5b47fac80: 4183 c102 | 4589 8804 | 0100 0041 | 81e1 feff | 1f00 4183 | f900 0f84 | eb11 0000 | 49b8 c047 
  0x000001e5b47faca0: d7ce e501 | 0000 4d8d | 8098 0100 | 0049 b960 | b69c 1107 | 0000 004d | 85c9 7507 | 4981 0801 
  0x000001e5b47facc0: 0000 0048 | 3b00 4c8b | c049 b9c0 | 47d7 cee5 | 0100 0049 | 8381 e001 | 0000 0149 | b8f0 4e93 
  0x000001e5b47face0: d1e5 0100 | 0045 8b88 | 0401 0000 | 4183 c102 | 4589 8804 | 0100 0041 | 81e1 feff | 1f00 4183 
  0x000001e5b47fad00: f900 0f84 | a511 0000 | 4c8b c049 | b9f0 4e93 | d1e5 0100 | 0049 8381 | 4801 0000 | 0149 b8a8 
  0x000001e5b47fad20: a5a9 cee5 | 0100 0045 | 8b88 0401 | 0000 4183 | c102 4589 | 8804 0100 | 0041 81e1 | feff 1f00 
  0x000001e5b47fad40: 4183 f900 | 0f84 8411 | 0000 450f | be47 3041 | 83f8 000f | 8596 1100 | 0048 8bb4 | 24d8 0000 
  0x000001e5b47fad60: 004c 8bd6 | 49c1 ea03 | 4489 500c | 4c8b c04c | 33c6 49c1 | e815 4983 | f800 0f85 | 8f11 0000 
  0x000001e5b47fad80: 49b8 2042 | d7ce e501 | 0000 4d8d | 80c8 0100 | 004c 8bc8 | 4d85 c975 | 0749 8108 | 0100 0000 
  0x000001e5b47fada0: 49b8 c04c | 93d1 e501 | 0000 4d8d | 8068 0100 | 004c 8bc8 | 4d85 c975 | 0949 8108 | 0100 0000 
  0x000001e5b47fadc0: eb54 458b | 4908 49c1 | e103 49ba | 0000 0000 | 0800 0000 | 4d03 ca4d | 3308 49f7 | c1fc ffff 
  0x000001e5b47fade0: ff74 3349 | f7c1 0200 | 0000 752a | 4981 3800 | 0000 0074 | 1e49 8138 | 0100 0000 | 7415 4d33 
  0x000001e5b47fae00: 0849 f7c1 | fcff ffff | 740c 4981 | 0802 0000 | 00eb 034d | 8908 488b | bc24 e000 | 0000 483b 
  0x000001e5b47fae20: 074c 8bc7 | 49b9 c04c | 93d1 e501 | 0000 458b | 4008 49c1 | e003 49ba | 0000 0000 | 0800 0000 
  0x000001e5b47fae40: 4d03 c24d | 3b81 8801 | 0000 750d | 4983 8190 | 0100 0001 | e966 0000 | 004d 3b81 | 9801 0000 
  0x000001e5b47fae60: 750d 4983 | 81a0 0100 | 0001 e950 | 0000 0049 | 81b9 8801 | 0000 0000 | 0000 7517 | 4d89 8188 
  0x000001e5b47fae80: 0100 0049 | c781 9001 | 0000 0100 | 0000 e92c | 0000 0049 | 81b9 9801 | 0000 0000 | 0000 7517 
  0x000001e5b47faea0: 4d89 8198 | 0100 0049 | c781 a001 | 0000 0100 | 0000 e908 | 0000 0049 | 8381 7801 | 0000 014c 
  0x000001e5b47faec0: 8b84 24c8 | 0000 004c | 8bc8 488b | d748 b8f0 | b9bc 0008 | 0000 00e8 | a4dc 8600 | 4883 f800 
  0x000001e5b47faee0: 7516 48be | c04c 93d1 | e501 0000 | 808e a901 | 0000 01e9 | da00 0000 | 48bf 3023 | be00 0800 
  0x000001e5b47faf00: 0000 8b50 | 0848 c1e2 | 0349 ba00 | 0000 0008 | 0000 0049 | 03d2 483b | fa0f 8597 | 0000 0048 
  0x000001e5b47faf20: bec0 4c93 | d1e5 0100 | 008b 7808 | 48c1 e703 | 49ba 0000 | 0000 0800 | 0000 4903 | fa48 3bbe 
  0x000001e5b47faf40: c001 0000 | 750d 4883 | 86c8 0100 | 0001 e97f | 0000 0048 | 3bbe d001 | 0000 750d | 4883 86d8 
  0x000001e5b47faf60: 0100 0001 | e969 0000 | 0048 81be | c001 0000 | 0000 0000 | 7517 4889 | bec0 0100 | 0048 c786 
  0x000001e5b47faf80: c801 0000 | 0100 0000 | e945 0000 | 0048 81be | d001 0000 | 0000 0000 | 7517 4889 | bed0 0100 
  0x000001e5b47fafa0: 0048 c786 | d801 0000 | 0100 0000 | e921 0000 | 00e9 1c00 | 0000 48be | c04c 93d1 | e501 0000 
  0x000001e5b47fafc0: 4883 aeb0 | 0100 0001 | e95f 0f00 | 00e9 0000 | 0000 4881 | c420 0100 | 005d 4d8b | 9710 0100 
  0x000001e5b47fafe0: 0041 8502 | c349 8bd8 | 48ba 3023 | be00 0800 | 0000 498b | 8720 0100 | 0048 8d78 | 1849 3bbf 
  0x000001e5b47fb000: 3001 0000 | 0f87 2b0f | 0000 4989 | bf20 0100 | 0048 c700 | 0100 0000 | 488b ca49 | ba00 0000 
  0x000001e5b47fb020: 0008 0000 | 0049 2bca | 48c1 e903 | 8948 0848 | 33c9 8948 | 0c48 33c9 | 4889 4810 | 4c8b c049 
  0x000001e5b47fb040: b978 4793 | d1e5 0100 | 0049 8381 | 5803 0000 | 014c 8bc3 | 4c8b 8c24 | b800 0000 | 488b bc24 
  0x000001e5b47fb060: c800 0000 | 488b d048 | 8984 24e8 | 0000 00e8 | 8c16 75ff | 488b 8424 | e800 0000 | 4881 c420 
  0x000001e5b47fb080: 0100 005d | 4d8b 9710 | 0100 0041 | 8502 c349 | 8bd8 49b8 | 7847 93d1 | e501 0000 | 4d8d 8088 
  0x000001e5b47fb0a0: 0100 0048 | 8bf3 4885 | f675 0a49 | 8148 0801 | 0000 00eb | 598b 7608 | 48c1 e603 | 49ba 0000 
  0x000001e5b47fb0c0: 0000 0800 | 0000 4903 | f249 3370 | 0848 f7c6 | fcff ffff | 7438 48f7 | c602 0000 | 0075 2f49 
  0x000001e5b47fb0e0: 8178 0800 | 0000 0074 | 2149 8178 | 0801 0000 | 0074 1749 | 3370 0848 | f7c6 fcff | ffff 740e 
  0x000001e5b47fb100: 4981 4808 | 0200 0000 | eb04 4989 | 7008 49b8 | 2042 d7ce | e501 0000 | 4d8d 8038 | 0200 0048 
  0x000001e5b47fb120: 8bf3 4885 | f675 0749 | 8108 0100 | 0000 48be | 00b4 9c11 | 0700 0000 | 488b fe48 | 85ff 7508 
  0x000001e5b47fb140: 4981 4810 | 0100 0000 | 49b8 7847 | 93d1 e501 | 0000 4983 | 8078 0100 | 0001 49b8 | 2042 d7ce 
  0x000001e5b47fb160: e501 0000 | 418b b804 | 0100 0083 | c702 4189 | b804 0100 | 0081 e7fe | ff1f 0083 | ff00 0f84 
  0x000001e5b47fb180: be0d 0000 | 49b8 2042 | d7ce e501 | 0000 4d8d | 80b8 0100 | 0048 8bfb | 4885 ff75 | 0849 8148 
  0x000001e5b47fb1a0: 0801 0000 | 0049 b8c0 | 47d7 cee5 | 0100 004d | 8d80 7802 | 0000 488b | fe48 85ff | 7507 4981 
  0x000001e5b47fb1c0: 0801 0000 | 0048 8bfb | 4885 ff75 | 0849 8148 | 1001 0000 | 0049 b820 | 42d7 cee5 | 0100 0049 
  0x000001e5b47fb1e0: 8380 8001 | 0000 0149 | b8c0 47d7 | cee5 0100 | 0041 8bb8 | 0401 0000 | 83c7 0241 | 89b8 0401 
  0x000001e5b47fb200: 0000 81e7 | feff 1f00 | 83ff 000f | 8452 0d00 | 0049 b8c0 | 47d7 cee5 | 0100 004d | 8d80 5801 
  0x000001e5b47fb220: 0000 488b | fe48 85ff | 7508 4981 | 4808 0100 | 0000 49b8 | c047 d7ce | e501 0000 | 4983 8048 
  0x000001e5b47fb240: 0100 0001 | 49b8 3841 | d6ce e501 | 0000 418b | b804 0100 | 0083 c702 | 4189 b804 | 0100 0081 
  0x000001e5b47fb260: e7fe ff1f | 0083 ff00 | 0f84 160d | 0000 48bf | 00e9 6611 | 0700 0000 | 4c8b c748 | b838 41d6 
  0x000001e5b47fb280: cee5 0100 | 0048 8380 | 8001 0000 | 0149 b8b0 | 471e 1307 | 0000 0048 | 8bd7 4889 | bc24 f800 
  0x000001e5b47fb2a0: 0000 4889 | b424 f000 | 0000 0f1f | 4400 00e8 | b464 2307 | 49b8 c047 | d7ce e501 | 0000 4d8d 
  0x000001e5b47fb2c0: 8068 0100 | 004c 8bc8 | 4d85 c975 | 0749 8108 | 0100 0000 | 49b8 c047 | d7ce e501 | 0000 4d8d 
  0x000001e5b47fb2e0: 8088 0100 | 0048 8bb4 | 24f0 0000 | 004c 8bce | 4d85 c975 | 0849 8148 | 0801 0000 | 0049 b8c0 
  0x000001e5b47fb300: 47d7 cee5 | 0100 0049 | 8380 7801 | 0000 0149 | b830 43d6 | cee5 0100 | 0045 8b88 | 0401 0000 
  0x000001e5b47fb320: 4183 c102 | 4589 8804 | 0100 0041 | 81e1 feff | 1f00 4183 | f900 0f84 | 690c 0000 | 49b8 c047 
  0x000001e5b47fb340: d7ce e501 | 0000 4d8d | 8098 0100 | 0049 b970 | b49c 1107 | 0000 004d | 85c9 7507 | 4981 0801 
  0x000001e5b47fb360: 0000 0048 | 3b00 49b8 | c047 d7ce | e501 0000 | 4d8d 80f0 | 0100 004c | 8b8c 24b0 | 0000 0049 
  0x000001e5b47fb380: 8bd1 4885 | d275 0849 | 8148 1801 | 0000 004c | 8bc0 48ba | c047 d7ce | e501 0000 | 4883 82e0 
  0x000001e5b47fb3a0: 0100 0001 | 49b8 304b | 93d1 e501 | 0000 418b | 9004 0100 | 0083 c202 | 4189 9004 | 0100 0081 
  0x000001e5b47fb3c0: e2fe ff1f | 0083 fa00 | 0f84 fd0b | 0000 4c8b | c048 ba30 | 4b93 d1e5 | 0100 0048 | 8382 4801 
  0x000001e5b47fb3e0: 0000 0149 | b8a8 a5a9 | cee5 0100 | 0041 8b90 | 0401 0000 | 83c2 0241 | 8990 0401 | 0000 81e2 
  0x000001e5b47fb400: feff 1f00 | 83fa 000f | 84df 0b00 | 0045 0fbe | 4730 4183 | f800 0f85 | f10b 0000 | 4d8b d149 
  0x000001e5b47fb420: c1ea 0344 | 8950 0c4c | 8bc0 4d33 | c149 c1e8 | 1549 83f8 | 000f 85f2 | 0b00 0049 | b820 42d7 
  0x000001e5b47fb440: cee5 0100 | 004d 8d80 | c801 0000 | 4c8b c84d | 85c9 7507 | 4981 0801 | 0000 0049 | b878 4793 
  0x000001e5b47fb460: d1e5 0100 | 004d 8d80 | 9801 0000 | 4c8b c84d | 85c9 7509 | 4981 0801 | 0000 00eb | 5445 8b49 
  0x000001e5b47fb480: 0849 c1e1 | 0349 ba00 | 0000 0008 | 0000 004d | 03ca 4d33 | 0849 f7c1 | fcff ffff | 7433 49f7 
  0x000001e5b47fb4a0: c102 0000 | 0075 2a49 | 8138 0000 | 0000 741e | 4981 3801 | 0000 0074 | 154d 3308 | 49f7 c1fc 
  0x000001e5b47fb4c0: ffff ff74 | 0c49 8108 | 0200 0000 | eb03 4d89 | 0848 ba88 | f87e 1107 | 0000 004c | 8bc2 49b9 
  0x000001e5b47fb4e0: 7847 93d1 | e501 0000 | 458b 4008 | 49c1 e003 | 49ba 0000 | 0000 0800 | 0000 4d03 | c24d 3b81 
  0x000001e5b47fb500: b801 0000 | 750d 4983 | 81c0 0100 | 0001 e966 | 0000 004d | 3b81 c801 | 0000 750d | 4983 81d0 
  0x000001e5b47fb520: 0100 0001 | e950 0000 | 0049 81b9 | b801 0000 | 0000 0000 | 7517 4d89 | 81b8 0100 | 0049 c781 
  0x000001e5b47fb540: c001 0000 | 0100 0000 | e92c 0000 | 0049 81b9 | c801 0000 | 0000 0000 | 7517 4d89 | 81c8 0100 
  0x000001e5b47fb560: 0049 c781 | d001 0000 | 0100 0000 | e908 0000 | 0049 8381 | a801 0000 | 014c 8b84 | 24b8 0000 
  0x000001e5b47fb580: 004c 8bc8 | 6666 90e8 | 14d6 8600 | 4883 f800 | 7516 48ba | 7847 93d1 | e501 0000 | 808a d901 
  0x000001e5b47fb5a0: 0000 01e9 | db00 0000 | 48bf 302e | be00 0800 | 0000 448b | 4008 49c1 | e003 49ba | 0000 0000 
  0x000001e5b47fb5c0: 0800 0000 | 4d03 c249 | 3bf8 0f85 | 9700 0000 | 48ba 7847 | 93d1 e501 | 0000 8b78 | 0848 c1e7 
  0x000001e5b47fb5e0: 0349 ba00 | 0000 0008 | 0000 0049 | 03fa 483b | baf0 0100 | 0075 0d48 | 8382 f801 | 0000 01e9 
  0x000001e5b47fb600: 7f00 0000 | 483b ba00 | 0200 0075 | 0d48 8382 | 0802 0000 | 01e9 6900 | 0000 4881 | baf0 0100 
  0x000001e5b47fb620: 0000 0000 | 0075 1748 | 89ba f001 | 0000 48c7 | 82f8 0100 | 0001 0000 | 00e9 4500 | 0000 4881 
  0x000001e5b47fb640: ba00 0200 | 0000 0000 | 0075 1748 | 89ba 0002 | 0000 48c7 | 8208 0200 | 0001 0000 | 00e9 2100 
  0x000001e5b47fb660: 0000 e91c | 0000 0048 | ba78 4793 | d1e5 0100 | 0048 83aa | e001 0000 | 01e9 c709 | 0000 e900 
  0x000001e5b47fb680: 0000 0048 | 8bf0 483b | 064c 8bc6 | 48ba 7847 | 93d1 e501 | 0000 49ba | 302e be00 | 0800 0000 
  0x000001e5b47fb6a0: 4c89 9228 | 0200 0048 | 8382 3002 | 0000 0149 | b8c0 4c93 | d1e5 0100 | 0041 8b90 | 0401 0000 
  0x000001e5b47fb6c0: 83c2 0241 | 8990 0401 | 0000 81e2 | feff 1f00 | 83fa 000f | 847a 0900 | 008b 7e14 | 48c1 e703 
  0x000001e5b47fb6e0: 49b8 c04c | 93d1 e501 | 0000 4d8d | 8058 0100 | 0048 8bd6 | 48ba 302e | be00 0800 | 0000 4933 
  0x000001e5b47fb700: 5008 48f7 | c2fc ffff | ff74 0449 | 8950 0849 | b820 42d7 | cee5 0100 | 004d 8d80 | 3802 0000 
  0x000001e5b47fb720: 48bb f0b5 | 9c11 0700 | 0000 488b | d348 85d2 | 7508 4981 | 4810 0100 | 0000 49b8 | c04c 93d1 
  0x000001e5b47fb740: e501 0000 | 4983 8048 | 0100 0001 | 49b8 2042 | d7ce e501 | 0000 418b | 9004 0100 | 0083 c202 
  0x000001e5b47fb760: 4189 9004 | 0100 0081 | e2fe ff1f | 0083 fa00 | 0f84 fe08 | 0000 49b8 | c047 d7ce | e501 0000 
  0x000001e5b47fb780: 4d8d 8078 | 0200 0048 | 8bd3 4885 | d275 0749 | 8108 0100 | 0000 49b8 | 2042 d7ce | e501 0000 
  0x000001e5b47fb7a0: 4983 8080 | 0100 0001 | 49b8 c047 | d7ce e501 | 0000 418b | 9004 0100 | 0083 c202 | 4189 9004 
  0x000001e5b47fb7c0: 0100 0081 | e2fe ff1f | 0083 fa00 | 0f84 c308 | 0000 49b8 | c047 d7ce | e501 0000 | 4d8d 8058 
  0x000001e5b47fb7e0: 0100 0048 | 8bd3 4885 | d275 0849 | 8148 0801 | 0000 0049 | b8c0 47d7 | cee5 0100 | 0049 8380 
  0x000001e5b47fb800: 4801 0000 | 0149 b838 | 41d6 cee5 | 0100 0041 | 8b90 0401 | 0000 83c2 | 0241 8990 | 0401 0000 
  0x000001e5b47fb820: 81e2 feff | 1f00 83fa | 000f 8487 | 0800 004c | 8b84 24f8 | 0000 0048 | ba38 41d6 | cee5 0100 
  0x000001e5b47fb840: 0048 8382 | 8001 0000 | 0149 b8b8 | 461e 1307 | 0000 0048 | 8b94 24f8 | 0000 0048 | 89bc 2410 
  0x000001e5b47fb860: 0100 0048 | 89b4 2408 | 0100 0048 | 899c 2400 | 0100 000f | 1f40 00e8 | ec5e 2307 | 49b8 c047 
  0x000001e5b47fb880: d7ce e501 | 0000 4d8d | 8068 0100 | 004c 8bc8 | 4d85 c975 | 0749 8108 | 0100 0000 | 49b8 c047 
  0x000001e5b47fb8a0: d7ce e501 | 0000 4d8d | 8088 0100 | 0048 8b9c | 2400 0100 | 004c 8bcb | 4d85 c975 | 0849 8148 
  0x000001e5b47fb8c0: 0801 0000 | 0049 b8c0 | 47d7 cee5 | 0100 0049 | 8380 7801 | 0000 0149 | b830 43d6 | cee5 0100 
  0x000001e5b47fb8e0: 0045 8b88 | 0401 0000 | 4183 c102 | 4589 8804 | 0100 0041 | 81e1 feff | 1f00 4183 | f900 0f84 
  0x000001e5b47fb900: d307 0000 | 49b8 c047 | d7ce e501 | 0000 4d8d | 8098 0100 | 0049 b960 | b69c 1107 | 0000 004d 
  0x000001e5b47fb920: 85c9 7507 | 4981 0801 | 0000 0048 | 3b00 4c8b | c049 b9c0 | 47d7 cee5 | 0100 0049 | 8381 e001 
  0x000001e5b47fb940: 0000 0149 | b8f0 4e93 | d1e5 0100 | 0045 8b88 | 0401 0000 | 4183 c102 | 4589 8804 | 0100 0041 
  0x000001e5b47fb960: 81e1 feff | 1f00 4183 | f900 0f84 | 8d07 0000 | 4c8b c049 | b9f0 4e93 | d1e5 0100 | 0049 8381 
  0x000001e5b47fb980: 4801 0000 | 0149 b8a8 | a5a9 cee5 | 0100 0045 | 8b88 0401 | 0000 4183 | c102 4589 | 8804 0100 
  0x000001e5b47fb9a0: 0041 81e1 | feff 1f00 | 4183 f900 | 0f84 6c07 | 0000 450f | be47 3041 | 83f8 000f | 857e 0700 
  0x000001e5b47fb9c0: 0048 8bb4 | 2408 0100 | 004c 8bd6 | 49c1 ea03 | 4489 500c | 4c8b c04c | 33c6 49c1 | e815 4983 
  0x000001e5b47fb9e0: f800 0f85 | 7707 0000 | 49b8 2042 | d7ce e501 | 0000 4d8d | 80c8 0100 | 004c 8bc8 | 4d85 c975 
  0x000001e5b47fba00: 0749 8108 | 0100 0000 | 49b8 c04c | 93d1 e501 | 0000 4d8d | 8068 0100 | 004c 8bc8 | 4d85 c975 
  0x000001e5b47fba20: 0949 8108 | 0100 0000 | eb54 458b | 4908 49c1 | e103 49ba | 0000 0000 | 0800 0000 | 4d03 ca4d 
  0x000001e5b47fba40: 3308 49f7 | c1fc ffff | ff74 3349 | f7c1 0200 | 0000 752a | 4981 3800 | 0000 0074 | 1e49 8138 
  0x000001e5b47fba60: 0100 0000 | 7415 4d33 | 0849 f7c1 | fcff ffff | 740c 4981 | 0802 0000 | 00eb 034d | 8908 488b 
  0x000001e5b47fba80: bc24 1001 | 0000 483b | 074c 8bc7 | 49b9 c04c | 93d1 e501 | 0000 458b | 4008 49c1 | e003 49ba 
  0x000001e5b47fbaa0: 0000 0000 | 0800 0000 | 4d03 c24d | 3b81 8801 | 0000 750d | 4983 8190 | 0100 0001 | e966 0000 
  0x000001e5b47fbac0: 004d 3b81 | 9801 0000 | 750d 4983 | 81a0 0100 | 0001 e950 | 0000 0049 | 81b9 8801 | 0000 0000 
  0x000001e5b47fbae0: 0000 7517 | 4d89 8188 | 0100 0049 | c781 9001 | 0000 0100 | 0000 e92c | 0000 0049 | 81b9 9801 
  0x000001e5b47fbb00: 0000 0000 | 0000 7517 | 4d89 8198 | 0100 0049 | c781 a001 | 0000 0100 | 0000 e908 | 0000 0049 
  0x000001e5b47fbb20: 8381 7801 | 0000 014c | 8b84 24c8 | 0000 004c | 8bc8 488b | d748 b8f0 | b9bc 0008 | 0000 00e8 
  0x000001e5b47fbb40: 3cd0 8600 | 4883 f800 | 7516 48bf | c04c 93d1 | e501 0000 | 808f a901 | 0000 01e9 | da00 0000 
  0x000001e5b47fbb60: 48bb 3023 | be00 0800 | 0000 8b70 | 0848 c1e6 | 0349 ba00 | 0000 0008 | 0000 0049 | 03f2 483b 
  0x000001e5b47fbb80: de0f 8597 | 0000 0048 | bfc0 4c93 | d1e5 0100 | 008b 5808 | 48c1 e303 | 49ba 0000 | 0000 0800 
  0x000001e5b47fbba0: 0000 4903 | da48 3b9f | c001 0000 | 750d 4883 | 87c8 0100 | 0001 e97f | 0000 0048 | 3b9f d001 
  0x000001e5b47fbbc0: 0000 750d | 4883 87d8 | 0100 0001 | e969 0000 | 0048 81bf | c001 0000 | 0000 0000 | 7517 4889 
  0x000001e5b47fbbe0: 9fc0 0100 | 0048 c787 | c801 0000 | 0100 0000 | e945 0000 | 0048 81bf | d001 0000 | 0000 0000 
  0x000001e5b47fbc00: 7517 4889 | 9fd0 0100 | 0048 c787 | d801 0000 | 0100 0000 | e921 0000 | 00e9 1c00 | 0000 48bf 
  0x000001e5b47fbc20: c04c 93d1 | e501 0000 | 4883 afb0 | 0100 0001 | e947 0500 | 00e9 0000 | 0000 4881 | c420 0100 
  0x000001e5b47fbc40: 005d 4d8b | 9710 0100 | 0041 8502 | c349 bae8 | 18ff cee5 | 0100 004c | 8954 2408 | 48c7 0424 
  0x000001e5b47fbc60: ffff ffff | e817 2780 | ffe9 41e6 | ffff 49ba | 9019 face | e501 0000 | 4c89 5424 | 0848 c704 
  0x000001e5b47fbc80: 24ff ffff | ffe8 f626 | 80ff e95a | e6ff ff49 | baa0 3bfa | cee5 0100 | 004c 8954 | 2408 48c7 
  0x000001e5b47fbca0: 0424 ffff | ffff e8d5 | 2680 ffe9 | 73e6 ffff | 49ba 101b | face e501 | 0000 4c89 | 5424 0848 
  0x000001e5b47fbcc0: c704 24ff | ffff ffe8 | b426 80ff | e9d6 e6ff | ff49 ba60 | 2ffa cee5 | 0100 004c | 8954 2408 
  0x000001e5b47fbce0: 48c7 0424 | ffff ffff | e893 2680 | ffe9 efe6 | ffff 49ba | 889b 2a00 | 0800 0000 | 4c89 5424 
  0x000001e5b47fbd00: 0848 c704 | 24ff ffff | ffe8 7226 | 80ff e908 | e8ff ff49 | bab0 a918 | 0008 0000 | 004c 8954 
  0x000001e5b47fbd20: 2408 48c7 | 0424 ffff | ffff e851 | 2680 ffe9 | 72e8 ffff | 49ba 38cc | 0b00 0800 | 0000 4c89 
  0x000001e5b47fbd40: 5424 0848 | c704 24ff | ffff ffe8 | 3026 80ff | e9ac e8ff | ff49 bae0 | d60b 0008 | 0000 004c 
  0x000001e5b47fbd60: 8954 2408 | 48c7 0424 | ffff ffff | e80f 2680 | ffe9 56e9 | ffff e825 | cf7f ff49 | ba40 d566 
  0x000001e5b47fbd80: d1e5 0100 | 004c 8954 | 2408 48c7 | 0424 ffff | ffff e8e9 | 2580 ffe9 | c5e9 ffff | 49ba 700c 
  0x000001e5b47fbda0: 3f00 0800 | 0000 4c89 | 5424 0848 | c704 24ff | ffff ffe8 | c825 80ff | e9e6 e9ff | ff44 8b40 
  0x000001e5b47fbdc0: 0c49 c1e0 | 0349 83f8 | 000f 84e3 | e9ff ff4c | 8904 24e8 | a82b 80ff | e9d5 e9ff | ff48 83fb 
  0x000001e5b47fbde0: 000f 84ea | e9ff ff48 | 8904 24e8 | 902e 80ff | e9dc e9ff | ff48 8904 | 24e8 a2f8 | 7fff e89d 
  0x000001e5b47fbe00: ce7f ff49 | bab0 45ff | cee5 0100 | 004c 8954 | 2408 48c7 | 0424 ffff | ffff e861 | 2580 ffe9 
  0x000001e5b47fbe20: 4dec ffff | 49ba 889b | 2a00 0800 | 0000 4c89 | 5424 0848 | c704 24ff | ffff ffe8 | 4025 80ff 
  0x000001e5b47fbe40: e9c9 ecff | ff49 bab0 | a918 0008 | 0000 004c | 8954 2408 | 48c7 0424 | ffff ffff | e81f 2580 
  0x000001e5b47fbe60: ffe9 04ed | ffff 49ba | 38cc 0b00 | 0800 0000 | 4c89 5424 | 0848 c704 | 24ff ffff | ffe8 fe24 
  0x000001e5b47fbe80: 80ff e940 | edff ff49 | bae0 d60b | 0008 0000 | 004c 8954 | 2408 48c7 | 0424 ffff | ffff e8dd 
  0x000001e5b47fbea0: 2480 ffe9 | f4ed ffff | e8f3 cd7f | ff49 ba30 | 50ff cee5 | 0100 004c | 8954 2408 | 48c7 0424 
  0x000001e5b47fbec0: ffff ffff | e8b7 2480 | ffe9 3aee | ffff 49ba | 700c 3f00 | 0800 0000 | 4c89 5424 | 0848 c704 
  0x000001e5b47fbee0: 24ff ffff | ffe8 9624 | 80ff e95b | eeff ff44 | 8b40 0c49 | c1e0 0349 | 83f8 000f | 8458 eeff 
  0x000001e5b47fbf00: ff4c 8904 | 24e8 762a | 80ff e94a | eeff ff48 | 83fe 000f | 8467 eeff | ff48 8904 | 24e8 5e2d 
  0x000001e5b47fbf20: 80ff e959 | eeff ffe8 | 74cd 7fff | 4889 0424 | e86b f77f | ff48 8bd2 | e843 d67f | ffe9 faf0 
  0x000001e5b47fbf40: ffff 49ba | 889b 2a00 | 0800 0000 | 4c89 5424 | 0848 c704 | 24ff ffff | ffe8 2224 | 80ff e921 
  0x000001e5b47fbf60: f2ff ff49 | bab0 a918 | 0008 0000 | 004c 8954 | 2408 48c7 | 0424 ffff | ffff e801 | 2480 ffe9 
  0x000001e5b47fbf80: 8df2 ffff | 49ba 38cc | 0b00 0800 | 0000 4c89 | 5424 0848 | c704 24ff | ffff ffe8 | e023 80ff 
  0x000001e5b47fbfa0: e9c9 f2ff | ff49 bae0 | d60b 0008 | 0000 004c | 8954 2408 | 48c7 0424 | ffff ffff | e8bf 2380 
  0x000001e5b47fbfc0: ffe9 76f3 | ffff e8d5 | cc7f ff49 | ba20 49ff | cee5 0100 | 004c 8954 | 2408 48c7 | 0424 ffff 
  0x000001e5b47fbfe0: ffff e899 | 2380 ffe9 | e2f3 ffff | 49ba 700c | 3f00 0800 | 0000 4c89 | 5424 0848 | c704 24ff 
  0x000001e5b47fc000: ffff ffe8 | 7823 80ff | e900 f4ff | ff44 8b40 | 0c49 c1e0 | 0349 83f8 | 000f 84fd | f3ff ff4c 
  0x000001e5b47fc020: 8904 24e8 | 5829 80ff | e9ef f3ff | ff49 83f9 | 000f 8404 | f4ff ff48 | 8904 24e8 | 402c 80ff 
  0x000001e5b47fc040: e9f6 f3ff | ff48 8904 | 24e8 52f6 | 7fff e84d | cc7f ff49 | bab0 45ff | cee5 0100 | 004c 8954 
  0x000001e5b47fc060: 2408 48c7 | 0424 ffff | ffff e811 | 2380 ffe9 | 65f6 ffff | 49ba 889b | 2a00 0800 | 0000 4c89 
  0x000001e5b47fc080: 5424 0848 | c704 24ff | ffff ffe8 | f022 80ff | e9e1 f6ff | ff49 bab0 | a918 0008 | 0000 004c 
  0x000001e5b47fc0a0: 8954 2408 | 48c7 0424 | ffff ffff | e8cf 2280 | ffe9 1cf7 | ffff 49ba | 38cc 0b00 | 0800 0000 
  0x000001e5b47fc0c0: 4c89 5424 | 0848 c704 | 24ff ffff | ffe8 ae22 | 80ff e958 | f7ff ff49 | bae0 d60b | 0008 0000 
  0x000001e5b47fc0e0: 004c 8954 | 2408 48c7 | 0424 ffff | ffff e88d | 2280 ffe9 | 0cf8 ffff | e8a3 cb7f | ff49 ba30 
  0x000001e5b47fc100: 50ff cee5 | 0100 004c | 8954 2408 | 48c7 0424 | ffff ffff | e867 2280 | ffe9 52f8 | ffff 49ba 
  0x000001e5b47fc120: 700c 3f00 | 0800 0000 | 4c89 5424 | 0848 c704 | 24ff ffff | ffe8 4622 | 80ff e973 | f8ff ff44 
  0x000001e5b47fc140: 8b40 0c49 | c1e0 0349 | 83f8 000f | 8470 f8ff | ff4c 8904 | 24e8 2628 | 80ff e962 | f8ff ff48 
  0x000001e5b47fc160: 83fe 000f | 847f f8ff | ff48 8904 | 24e8 0e2b | 80ff e971 | f8ff ffe8 | 24cb 7fff | 4889 0424 
  0x000001e5b47fc180: e81b f57f | ff90 9049 | 8b87 0004 | 0000 49ba | 0000 0000 | 0000 0000 | 4d89 9700 | 0400 0049 
  0x000001e5b47fc1a0: ba00 0000 | 0000 0000 | 004d 8997 | 0804 0000 | 4881 c420 | 0100 005d | e9c3 c47f | fff4 f4f4 
  0x000001e5b47fc1c0: 0f1f 4400 | 0048 bb00 | 0000 0000 | 0000 00e9 | fbff ffff | 9048 bb00 | 0000 0000 | 0000 00e9 
  0x000001e5b47fc1e0: fbff ffff | 9048 bb00 | 0000 0000 | 0000 00e9 | fbff ffff | 9048 bb00 | 0000 0000 | 0000 00e9 
  0x000001e5b47fc200: fbff ffff | 9048 bb00 | 0000 0000 | 0000 00e9 | fbff ffff | 9048 bb00 | 0000 0000 | 0000 00e9 
  0x000001e5b47fc220: fbff ffff | 9048 bbd0 | c011 0008 | 0000 00e9 | 316b 75ff | 9048 bb00 | 0000 0000 | 0000 00e9 
  0x000001e5b47fc240: fbff ffff | 9048 bb00 | 0000 0000 | 0000 00e9 | fbff ffff | e827 eb7f | ff48 b9c0 | eb56 b6f9 
  0x000001e5b47fc260: 7f00 0048 | 83e4 f049 | bae0 ad27 | b6f9 7f00 | 0041 ffd2 | f449 ba75 | c27f b4e5 | 0100 0041 
  0x000001e5b47fc280: 52e9 1a1d | 75ff f4f4 
[/MachCode]
--------------------------------------------------------------------------------


---------------  P R O C E S S  ---------------

Threads class SMR info:
_java_thread_list=0x000001e5d2f296a0, length=31, elements={
0x000001e5cea84fc0, 0x000001e5cea87240, 0x000001e5cea8e770, 0x000001e5cf2a0bc0,
0x000001e5cf2a2c30, 0x000001e5cf2a3fc0, 0x000001e5cf2a8700, 0x000001e5cf2af110,
0x000001e5cf3ac780, 0x000001e5cf46e920, 0x000001e5cf64b100, 0x000001e5d051d480,
0x000001e5d051e2f0, 0x000001e5d051a930, 0x000001e5d051b7a0, 0x000001e5d051ae00,
0x000001e5d051b2d0, 0x000001e5d051cfb0, 0x000001e5d051d950, 0x000001e5d41e2d00,
0x000001e5d41e31d0, 0x000001e5d41e49e0, 0x000001e5d41e1e90, 0x000001e5d41e3b70,
0x000001e5d41e19c0, 0x000001e5d41e2360, 0x000001e5d41e2830, 0x000001e5d41e36a0,
0x000001e5d41e4040, 0x000001e5d41e4eb0, 0x000001e5cfcec1a0
}

Java Threads: ( => current thread )
  0x000001e5cea84fc0 JavaThread "Reference Handler" daemon [_thread_blocked, id=24428, stack(0x000000d608f00000,0x000000d609000000)]
  0x000001e5cea87240 JavaThread "Finalizer" daemon [_thread_blocked, id=21380, stack(0x000000d609000000,0x000000d609100000)]
  0x000001e5cea8e770 JavaThread "Signal Dispatcher" daemon [_thread_blocked, id=2900, stack(0x000000d609100000,0x000000d609200000)]
  0x000001e5cf2a0bc0 JavaThread "Attach Listener" daemon [_thread_blocked, id=23872, stack(0x000000d609200000,0x000000d609300000)]
  0x000001e5cf2a2c30 JavaThread "Service Thread" daemon [_thread_blocked, id=22156, stack(0x000000d609300000,0x000000d609400000)]
  0x000001e5cf2a3fc0 JavaThread "C2 CompilerThread0" daemon [_thread_in_native, id=25924, stack(0x000000d609400000,0x000000d609500000)]
  0x000001e5cf2a8700 JavaThread "C1 CompilerThread0" daemon [_thread_blocked, id=20400, stack(0x000000d609500000,0x000000d609600000)]
  0x000001e5cf2af110 JavaThread "Sweeper thread" daemon [_thread_blocked, id=20816, stack(0x000000d609600000,0x000000d609700000)]
  0x000001e5cf3ac780 JavaThread "Common-Cleaner" daemon [_thread_blocked, id=7420, stack(0x000000d609700000,0x000000d609800000)]
  0x000001e5cf46e920 JavaThread "Monitor Ctrl-Break" daemon [_thread_in_native, id=3908, stack(0x000000d609900000,0x000000d609a00000)]
  0x000001e5cf64b100 JavaThread "Notification Thread" daemon [_thread_blocked, id=19732, stack(0x000000d609a00000,0x000000d609b00000)]
  0x000001e5d051d480 JavaThread "Catalina-utility-1" [_thread_blocked, id=10248, stack(0x000000d60a200000,0x000000d60a300000)]
  0x000001e5d051e2f0 JavaThread "Catalina-utility-2" [_thread_blocked, id=18028, stack(0x000000d60a300000,0x000000d60a400000)]
  0x000001e5d051a930 JavaThread "container-0" [_thread_blocked, id=8452, stack(0x000000d60a400000,0x000000d60a500000)]
  0x000001e5d051b7a0 JavaThread "mysql-cj-abandoned-connection-cleanup" daemon [_thread_blocked, id=27508, stack(0x000000d60a800000,0x000000d60a900000)]
  0x000001e5d051ae00 JavaThread "HikariPool-1 housekeeper" daemon [_thread_blocked, id=13160, stack(0x000000d60a900000,0x000000d60aa00000)]
  0x000001e5d051b2d0 JavaThread "http-nio-8080-BlockPoller" daemon [_thread_in_native, id=22064, stack(0x000000d60ab00000,0x000000d60ac00000)]
  0x000001e5d051cfb0 JavaThread "http-nio-8080-exec-1" daemon [_thread_blocked, id=25352, stack(0x000000d60ac00000,0x000000d60ad00000)]
  0x000001e5d051d950 JavaThread "http-nio-8080-exec-2" daemon [_thread_in_native, id=23968, stack(0x000000d60ad00000,0x000000d60ae00000)]
  0x000001e5d41e2d00 JavaThread "http-nio-8080-exec-3" daemon [_thread_blocked, id=21312, stack(0x000000d60ae00000,0x000000d60af00000)]
  0x000001e5d41e31d0 JavaThread "http-nio-8080-exec-4" daemon [_thread_blocked, id=21868, stack(0x000000d60af00000,0x000000d60b000000)]
  0x000001e5d41e49e0 JavaThread "http-nio-8080-exec-5" daemon [_thread_blocked, id=18592, stack(0x000000d60b000000,0x000000d60b100000)]
  0x000001e5d41e1e90 JavaThread "http-nio-8080-exec-6" daemon [_thread_blocked, id=13348, stack(0x000000d60b100000,0x000000d60b200000)]
=>0x000001e5d41e3b70 JavaThread "http-nio-8080-exec-7" daemon [_thread_in_Java, id=8784, stack(0x000000d60b200000,0x000000d60b300000)]
  0x000001e5d41e19c0 JavaThread "http-nio-8080-exec-8" daemon [_thread_blocked, id=24060, stack(0x000000d60b300000,0x000000d60b400000)]
  0x000001e5d41e2360 JavaThread "http-nio-8080-exec-9" daemon [_thread_blocked, id=4944, stack(0x000000d60b400000,0x000000d60b500000)]
  0x000001e5d41e2830 JavaThread "http-nio-8080-exec-10" daemon [_thread_blocked, id=18840, stack(0x000000d60b500000,0x000000d60b600000)]
  0x000001e5d41e36a0 JavaThread "http-nio-8080-ClientPoller" daemon [_thread_in_native, id=14520, stack(0x000000d60b600000,0x000000d60b700000)]
  0x000001e5d41e4040 JavaThread "http-nio-8080-Acceptor" daemon [_thread_in_native, id=16868, stack(0x000000d60b700000,0x000000d60b800000)]
  0x000001e5d41e4eb0 JavaThread "Hibernate Connection Pool Validation Thread" daemon [_thread_blocked, id=25700, stack(0x000000d60bb00000,0x000000d60bc00000)]
  0x000001e5cfcec1a0 JavaThread "DestroyJavaVM" [_thread_blocked, id=3344, stack(0x000000d608800000,0x000000d608900000)]

Other Threads:
  0x000001e5cea7f080 VMThread "VM Thread" [stack: 0x000000d608e00000,0x000000d608f00000] [id=22040]
  0x000001e5cf471880 WatcherThread [stack: 0x000000d609b00000,0x000000d609c00000] [id=23020]
  0x000001e5abd1c670 GCTaskThread "GC Thread#0" [stack: 0x000000d608900000,0x000000d608a00000] [id=20652]
  0x000001e5cf9976c0 GCTaskThread "GC Thread#1" [stack: 0x000000d609c00000,0x000000d609d00000] [id=14596]
  0x000001e5cf996a00 GCTaskThread "GC Thread#2" [stack: 0x000000d609d00000,0x000000d609e00000] [id=25408]
  0x000001e5cf9943c0 GCTaskThread "GC Thread#3" [stack: 0x000000d609e00000,0x000000d609f00000] [id=6840]
  0x000001e5cf9946f0 GCTaskThread "GC Thread#4" [stack: 0x000000d609f00000,0x000000d60a000000] [id=4916]
  0x000001e5cf996070 GCTaskThread "GC Thread#5" [stack: 0x000000d60a500000,0x000000d60a600000] [id=13452]
  0x000001e5cf994090 GCTaskThread "GC Thread#6" [stack: 0x000000d60a600000,0x000000d60a700000] [id=27384]
  0x000001e5cf995080 GCTaskThread "GC Thread#7" [stack: 0x000000d60a700000,0x000000d60a800000] [id=20376]
  0x000001e5abd2c680 ConcurrentGCThread "G1 Main Marker" [stack: 0x000000d608a00000,0x000000d608b00000] [id=25940]
  0x000001e5abd2da10 ConcurrentGCThread "G1 Conc#0" [stack: 0x000000d608b00000,0x000000d608c00000] [id=10156]
  0x000001e5cf994d50 ConcurrentGCThread "G1 Conc#1" [stack: 0x000000d60a000000,0x000000d60a100000] [id=11936]
  0x000001e5abd9d270 ConcurrentGCThread "G1 Refine#0" [stack: 0x000000d608c00000,0x000000d608d00000] [id=27476]
  0x000001e5d1cc2410 ConcurrentGCThread "G1 Refine#1" [stack: 0x000000d60b900000,0x000000d60ba00000] [id=27264]
  0x000001e5d1cc2770 ConcurrentGCThread "G1 Refine#2" [stack: 0x000000d60ba00000,0x000000d60bb00000] [id=1768]
  0x000001e5abd9de70 ConcurrentGCThread "G1 Young RemSet Sampling" [stack: 0x000000d608d00000,0x000000d608e00000] [id=16452]

Threads with active compile tasks:
C2 CompilerThread0  1539868 8735       4       java.net.URLStreamHandler::parseURL (1201 bytes)

VM state: not at safepoint (normal execution)

VM Mutex/Monitor currently owned by a thread: None

Heap address: 0x0000000711400000, size: 3820 MB, Compressed Oops mode: Zero based, Oop shift amount: 3
CDS archive(s) mapped at: [0x0000000800000000-0x0000000800b50000-0x0000000800b50000), size 11862016, SharedBaseAddress: 0x0000000800000000, ArchiveRelocationMode: 0.
Compressed class space mapped at: 0x0000000800b50000-0x0000000840b50000, size: 1073741824
Narrow klass base: 0x0000000800000000, Narrow klass shift: 3, Narrow klass range: 0x100000000

GC Precious Log:
 CPUs: 8 total, 8 available
 Memory: 15272M
 Large Page Support: Disabled
 NUMA Support: Disabled
 Compressed Oops: Enabled (Zero based)
 Heap Region Size: 2M
 Heap Min Capacity: 8M
 Heap Initial Capacity: 240M
 Heap Max Capacity: 3820M
 Pre-touch: Disabled
 Parallel Workers: 8
 Concurrent Workers: 2
 Concurrent Refinement Workers: 8
 Periodic GC: Disabled

Heap:
 garbage-first heap   total 143360K, used 69143K [0x0000000711400000, 0x0000000800000000)
  region size 2048K, 7 young (14336K), 1 survivors (2048K)
 Metaspace       used 73871K, capacity 74530K, committed 74832K, reserved 1114112K
  class space    used 9142K, capacity 9348K, committed 9472K, reserved 1048576K

Heap Regions: E=young(eden), S=young(survivor), O=old, HS=humongous(starts), HC=humongous(continues), CS=collection set, F=free, OA=open archive, CA=closed archive, TAMS=top-at-mark-start (previous, next)
|   0|0x0000000711400000, 0x0000000711600000, 0x0000000711600000|100%| O|  |TAMS 0x0000000711600000, 0x0000000711400000| Untracked 
|   1|0x0000000711600000, 0x0000000711800000, 0x0000000711800000|100%| O|  |TAMS 0x0000000711800000, 0x0000000711600000| Untracked 
|   2|0x0000000711800000, 0x0000000711a00000, 0x0000000711a00000|100%| O|  |TAMS 0x0000000711a00000, 0x0000000711800000| Untracked 
|   3|0x0000000711a00000, 0x0000000711b64000, 0x0000000711c00000| 69%| O|  |TAMS 0x0000000711b64000, 0x0000000711a00000| Untracked 
|   4|0x0000000711c00000, 0x0000000711e00000, 0x0000000711e00000|100%| O|  |TAMS 0x0000000711e00000, 0x0000000711c00000| Untracked 
|   5|0x0000000711e00000, 0x0000000712000000, 0x0000000712000000|100%| O|  |TAMS 0x0000000712000000, 0x0000000711e00000| Untracked 
|   6|0x0000000712000000, 0x0000000712200000, 0x0000000712200000|100%|HS|  |TAMS 0x0000000712200000, 0x0000000712000000| Complete 
|   7|0x0000000712200000, 0x0000000712400000, 0x0000000712400000|100%|HC|  |TAMS 0x0000000712400000, 0x0000000712200000| Complete 
|   8|0x0000000712400000, 0x0000000712600000, 0x0000000712600000|100%| O|  |TAMS 0x0000000712600000, 0x0000000712400000| Untracked 
|   9|0x0000000712600000, 0x0000000712800000, 0x0000000712800000|100%| O|  |TAMS 0x0000000712800000, 0x0000000712600000| Untracked 
|  10|0x0000000712800000, 0x0000000712a00000, 0x0000000712a00000|100%| O|  |TAMS 0x0000000712a00000, 0x0000000712800000| Untracked 
|  11|0x0000000712a00000, 0x0000000712c00000, 0x0000000712c00000|100%| O|  |TAMS 0x0000000712c00000, 0x0000000712a00000| Untracked 
|  12|0x0000000712c00000, 0x0000000712e00000, 0x0000000712e00000|100%| O|  |TAMS 0x0000000712e00000, 0x0000000712c00000| Untracked 
|  13|0x0000000712e00000, 0x0000000713000000, 0x0000000713000000|100%| O|  |TAMS 0x0000000713000000, 0x0000000712e00000| Untracked 
|  14|0x0000000713000000, 0x0000000713200000, 0x0000000713200000|100%| O|  |TAMS 0x0000000713200000, 0x0000000713000000| Untracked 
|  15|0x0000000713200000, 0x0000000713400000, 0x0000000713400000|100%| O|  |TAMS 0x0000000713400000, 0x0000000713200000| Untracked 
|  16|0x0000000713400000, 0x0000000713600000, 0x0000000713600000|100%|HS|  |TAMS 0x0000000713400000, 0x0000000713400000| Complete 
|  17|0x0000000713600000, 0x0000000713800000, 0x0000000713800000|100%|HC|  |TAMS 0x0000000713600000, 0x0000000713600000| Complete 
|  18|0x0000000713800000, 0x0000000713a00000, 0x0000000713a00000|100%|HS|  |TAMS 0x0000000713800000, 0x0000000713800000| Complete 
|  19|0x0000000713a00000, 0x0000000713c00000, 0x0000000713c00000|100%|HS|  |TAMS 0x0000000713a00000, 0x0000000713a00000| Complete 
|  20|0x0000000713c00000, 0x0000000713e00000, 0x0000000713e00000|100%|HC|  |TAMS 0x0000000713c00000, 0x0000000713c00000| Complete 
|  21|0x0000000713e00000, 0x0000000714000000, 0x0000000714000000|100%|HS|  |TAMS 0x0000000713e00000, 0x0000000713e00000| Complete 
|  22|0x0000000714000000, 0x0000000714200000, 0x0000000714200000|100%|HC|  |TAMS 0x0000000714000000, 0x0000000714000000| Complete 
|  23|0x0000000714200000, 0x0000000714400000, 0x0000000714400000|100%|HC|  |TAMS 0x0000000714200000, 0x0000000714200000| Complete 
|  24|0x0000000714400000, 0x0000000714600000, 0x0000000714600000|100%|HS|  |TAMS 0x0000000714400000, 0x0000000714400000| Complete 
|  25|0x0000000714600000, 0x0000000714800000, 0x0000000714800000|100%|HC|  |TAMS 0x0000000714600000, 0x0000000714600000| Complete 
|  26|0x0000000714800000, 0x0000000714a00000, 0x0000000714a00000|100%|HS|  |TAMS 0x0000000714800000, 0x0000000714800000| Complete 
|  27|0x0000000714a00000, 0x0000000714c00000, 0x0000000714c00000|100%|HC|  |TAMS 0x0000000714a00000, 0x0000000714a00000| Complete 
|  28|0x0000000714c00000, 0x0000000714c06a00, 0x0000000714e00000|  1%| O|  |TAMS 0x0000000714c06a00, 0x0000000714c00000| Untracked 
|  29|0x0000000714e00000, 0x0000000715000000, 0x0000000715000000|100%| O|  |TAMS 0x0000000715000000, 0x0000000714e00000| Untracked 
|  30|0x0000000715000000, 0x0000000715000000, 0x0000000715200000|  0%| F|  |TAMS 0x0000000715000000, 0x0000000715000000| Untracked 
|  31|0x0000000715200000, 0x0000000715200000, 0x0000000715400000|  0%| F|  |TAMS 0x0000000715200000, 0x0000000715200000| Untracked 
|  32|0x0000000715400000, 0x0000000715400000, 0x0000000715600000|  0%| F|  |TAMS 0x0000000715400000, 0x0000000715400000| Untracked 
|  33|0x0000000715600000, 0x0000000715600000, 0x0000000715800000|  0%| F|  |TAMS 0x0000000715600000, 0x0000000715600000| Untracked 
|  34|0x0000000715800000, 0x0000000715800000, 0x0000000715a00000|  0%| F|  |TAMS 0x0000000715800000, 0x0000000715800000| Untracked 
|  35|0x0000000715a00000, 0x0000000715a00000, 0x0000000715c00000|  0%| F|  |TAMS 0x0000000715a00000, 0x0000000715a00000| Untracked 
|  36|0x0000000715c00000, 0x0000000715c00000, 0x0000000715e00000|  0%| F|  |TAMS 0x0000000715c00000, 0x0000000715c00000| Untracked 
|  37|0x0000000715e00000, 0x0000000715e00000, 0x0000000716000000|  0%| F|  |TAMS 0x0000000715e00000, 0x0000000715e00000| Untracked 
|  38|0x0000000716000000, 0x0000000716000000, 0x0000000716200000|  0%| F|  |TAMS 0x0000000716000000, 0x0000000716000000| Untracked 
|  39|0x0000000716200000, 0x0000000716200000, 0x0000000716400000|  0%| F|  |TAMS 0x0000000716200000, 0x0000000716200000| Untracked 
|  40|0x0000000716400000, 0x0000000716400000, 0x0000000716600000|  0%| F|  |TAMS 0x0000000716400000, 0x0000000716400000| Untracked 
|  41|0x0000000716600000, 0x0000000716600000, 0x0000000716800000|  0%| F|  |TAMS 0x0000000716600000, 0x0000000716600000| Untracked 
|  42|0x0000000716800000, 0x0000000716800000, 0x0000000716a00000|  0%| F|  |TAMS 0x0000000716800000, 0x0000000716800000| Untracked 
|  43|0x0000000716a00000, 0x0000000716a00000, 0x0000000716c00000|  0%| F|  |TAMS 0x0000000716a00000, 0x0000000716a00000| Untracked 
|  44|0x0000000716c00000, 0x0000000716c00000, 0x0000000716e00000|  0%| F|  |TAMS 0x0000000716c00000, 0x0000000716c00000| Untracked 
|  45|0x0000000716e00000, 0x0000000716e00000, 0x0000000717000000|  0%| F|  |TAMS 0x0000000716e00000, 0x0000000716e00000| Untracked 
|  46|0x0000000717000000, 0x0000000717000000, 0x0000000717200000|  0%| F|  |TAMS 0x0000000717000000, 0x0000000717000000| Untracked 
|  47|0x0000000717200000, 0x0000000717200000, 0x0000000717400000|  0%| F|  |TAMS 0x0000000717200000, 0x0000000717200000| Untracked 
|  48|0x0000000717400000, 0x0000000717400000, 0x0000000717600000|  0%| F|  |TAMS 0x0000000717400000, 0x0000000717400000| Untracked 
|  49|0x0000000717600000, 0x0000000717600000, 0x0000000717800000|  0%| F|  |TAMS 0x0000000717600000, 0x0000000717600000| Untracked 
|  50|0x0000000717800000, 0x0000000717800000, 0x0000000717a00000|  0%| F|  |TAMS 0x0000000717800000, 0x0000000717800000| Untracked 
|  51|0x0000000717a00000, 0x0000000717a00000, 0x0000000717c00000|  0%| F|  |TAMS 0x0000000717a00000, 0x0000000717a00000| Untracked 
|  52|0x0000000717c00000, 0x0000000717c00000, 0x0000000717e00000|  0%| F|  |TAMS 0x0000000717c00000, 0x0000000717c00000| Untracked 
|  53|0x0000000717e00000, 0x0000000717e00000, 0x0000000718000000|  0%| F|  |TAMS 0x0000000717e00000, 0x0000000717e00000| Untracked 
|  54|0x0000000718000000, 0x0000000718000000, 0x0000000718200000|  0%| F|  |TAMS 0x0000000718000000, 0x0000000718000000| Untracked 
|  55|0x0000000718200000, 0x0000000718200000, 0x0000000718400000|  0%| F|  |TAMS 0x0000000718200000, 0x0000000718200000| Untracked 
|  56|0x0000000718400000, 0x0000000718400000, 0x0000000718600000|  0%| F|  |TAMS 0x0000000718400000, 0x0000000718400000| Untracked 
|  57|0x0000000718600000, 0x0000000718600000, 0x0000000718800000|  0%| F|  |TAMS 0x0000000718600000, 0x0000000718600000| Untracked 
|  58|0x0000000718800000, 0x0000000718800000, 0x0000000718a00000|  0%| F|  |TAMS 0x0000000718800000, 0x0000000718800000| Untracked 
|  59|0x0000000718a00000, 0x0000000718a1b528, 0x0000000718c00000|  5%| S|CS|TAMS 0x0000000718a00000, 0x0000000718a00000| Complete 
|  60|0x0000000718c00000, 0x0000000718c00000, 0x0000000718e00000|  0%| F|  |TAMS 0x0000000718c00000, 0x0000000718c00000| Untracked 
|  61|0x0000000718e00000, 0x0000000718e00000, 0x0000000719000000|  0%| F|  |TAMS 0x0000000718e00000, 0x0000000718e00000| Untracked 
|  62|0x0000000719000000, 0x0000000719000000, 0x0000000719200000|  0%| F|  |TAMS 0x0000000719000000, 0x0000000719000000| Untracked 
|  63|0x0000000719200000, 0x0000000719200000, 0x0000000719400000|  0%| F|  |TAMS 0x0000000719200000, 0x0000000719200000| Untracked 
|  64|0x0000000719400000, 0x000000071945cbf0, 0x0000000719600000| 18%| E|  |TAMS 0x0000000719400000, 0x0000000719400000| Complete 
|  65|0x0000000719600000, 0x0000000719800000, 0x0000000719800000|100%| E|CS|TAMS 0x0000000719600000, 0x0000000719600000| Complete 
|  66|0x0000000719800000, 0x0000000719a00000, 0x0000000719a00000|100%| E|CS|TAMS 0x0000000719800000, 0x0000000719800000| Complete 
|  67|0x0000000719a00000, 0x0000000719c00000, 0x0000000719c00000|100%| E|CS|TAMS 0x0000000719a00000, 0x0000000719a00000| Complete 
|  69|0x0000000719e00000, 0x000000071a000000, 0x000000071a000000|100%| E|CS|TAMS 0x0000000719e00000, 0x0000000719e00000| Complete 
| 119|0x0000000720200000, 0x0000000720400000, 0x0000000720400000|100%| E|CS|TAMS 0x0000000720200000, 0x0000000720200000| Complete 

Card table byte_map: [0x000001e5c39b0000,0x000001e5c4130000] _byte_map_base: 0x000001e5c0126000

Marking Bits (Prev, Next): (CMBitMap*) 0x000001e5abd1ce60, (CMBitMap*) 0x000001e5abd1cea0
 Prev Bits: [0x000001e5c48b0000, 0x000001e5c8460000)
 Next Bits: [0x000001e5c8460000, 0x000001e5cc010000)

Polling page: 0x000001e5a9c10000

Metaspace:

Usage:
  Non-class:     63.65 MB capacity,    63.21 MB (>99%) used,   354.20 KB ( <1%) free+waste,    98.88 KB ( <1%) overhead. 
      Class:      9.13 MB capacity,     8.93 MB ( 98%) used,   169.06 KB (  2%) free+waste,    36.44 KB ( <1%) overhead. 
       Both:     72.78 MB capacity,    72.14 MB (>99%) used,   523.27 KB ( <1%) free+waste,   135.31 KB ( <1%) overhead. 

Virtual space:
  Non-class space:       64.00 MB reserved,      63.83 MB (>99%) committed 
      Class space:        1.00 GB reserved,       9.25 MB ( <1%) committed 
             Both:        1.06 GB reserved,      73.08 MB (  7%) committed 

Chunk freelists:
   Non-Class:  50.00 KB
       Class:  0 bytes
        Both:  50.00 KB

MaxMetaspaceSize: 17179869184.00 GB
CompressedClassSpaceSize: 1.00 GB

CodeHeap 'non-profiled nmethods': size=120000Kb used=5180Kb max_used=5180Kb free=114820Kb
 bounds [0x000001e5bb9d0000, 0x000001e5bbee0000, 0x000001e5c2f00000]
CodeHeap 'profiled nmethods': size=120000Kb used=15675Kb max_used=15675Kb free=104324Kb
 bounds [0x000001e5b44a0000, 0x000001e5b53f0000, 0x000001e5bb9d0000]
CodeHeap 'non-nmethods': size=5760Kb used=1390Kb max_used=1420Kb free=4369Kb
 bounds [0x000001e5b3f00000, 0x000001e5b4170000, 0x000001e5b44a0000]
 total_blobs=8645 nmethods=7952 adapters=603
 compilation: enabled
              stopped_count=0, restarted_count=0
 full_count=0

Compilation events (20 events):
Event: 1533.677 Thread 0x000001e5cf2a8700 nmethod 8725 0x000001e5b53ec610 code [0x000001e5b53ec800, 0x000001e5b53ecc78]
Event: 1539.715 Thread 0x000001e5cf2a3fc0 8726       4       org.springframework.util.Assert::state (14 bytes)
Event: 1539.715 Thread 0x000001e5cf2a3fc0 nmethod 8726 0x000001e5bbeddb10 code [0x000001e5bbeddc80, 0x000001e5bbeddcd8]
Event: 1539.716 Thread 0x000001e5cf2a8700 8727       3       org.apache.tomcat.util.buf.MessageBytes::setChars (31 bytes)
Event: 1539.716 Thread 0x000001e5cf2a8700 nmethod 8727 0x000001e5b53ecd90 code [0x000001e5b53ecf40, 0x000001e5b53ed138]
Event: 1539.716 Thread 0x000001e5cf2a8700 8730       3       com.nimbusds.jose.util.Base64::decode (8 bytes)
Event: 1539.716 Thread 0x000001e5cf2a3fc0 8732       4       java.util.regex.Pattern$GroupTail::match (111 bytes)
Event: 1539.716 Thread 0x000001e5cf2a8700 nmethod 8730 0x000001e5b53ed210 code [0x000001e5b53ed3c0, 0x000001e5b53ed4e8]
Event: 1539.716 Thread 0x000001e5cf2a8700 8728       3       org.apache.tomcat.util.buf.CharChunk::setChars (31 bytes)
Event: 1539.716 Thread 0x000001e5cf2a8700 nmethod 8728 0x000001e5b53ed590 code [0x000001e5b53ed720, 0x000001e5b53ed878]
Event: 1539.716 Thread 0x000001e5cf2a8700 8729       1       org.apache.catalina.connector.Request::getRequestedSessionId (5 bytes)
Event: 1539.717 Thread 0x000001e5cf2a8700 nmethod 8729 0x000001e5bbedde10 code [0x000001e5bbeddfa0, 0x000001e5bbede058]
Event: 1539.717 Thread 0x000001e5cf2a8700 8731       1       org.apache.catalina.core.StandardWrapper::isEnabled (5 bytes)
Event: 1539.717 Thread 0x000001e5cf2a8700 nmethod 8731 0x000001e5bbede110 code [0x000001e5bbede2a0, 0x000001e5bbede358]
Event: 1539.717 Thread 0x000001e5cf2a8700 8734       3       java.lang.Object::toString (36 bytes)
Event: 1539.718 Thread 0x000001e5cf2a8700 nmethod 8734 0x000001e5b53ed910 code [0x000001e5b53edb80, 0x000001e5b53ee3e8]
Event: 1539.718 Thread 0x000001e5cf2a8700 8736       1       org.hibernate.resource.jdbc.internal.LogicalConnectionManagedImpl::doConnectionsFromProviderHaveAutoCommitDisabled (5 bytes)
Event: 1539.718 Thread 0x000001e5cf2a8700 nmethod 8736 0x000001e5bbede410 code [0x000001e5bbede5a0, 0x000001e5bbede658]
Event: 1539.718 Thread 0x000001e5cf2a3fc0 nmethod 8732 0x000001e5bbede710 code [0x000001e5bbede8a0, 0x000001e5bbedead8]
Event: 1539.718 Thread 0x000001e5cf2a3fc0 8735       4       java.net.URLStreamHandler::parseURL (1201 bytes)

GC Heap History (20 events):
Event: 1446.067 GC heap before
{Heap before GC invocations=138 (full 0):
 garbage-first heap   total 151552K, used 84017K [0x0000000711400000, 0x0000000800000000)
  region size 2048K, 4 young (8192K), 1 survivors (2048K)
 Metaspace       used 73772K, capacity 74338K, committed 74576K, reserved 1114112K
  class space    used 9142K, capacity 9348K, committed 9472K, reserved 1048576K
}
Event: 1446.069 GC heap after
{Heap after GC invocations=139 (full 0):
 garbage-first heap   total 151552K, used 34367K [0x0000000711400000, 0x0000000800000000)
  region size 2048K, 1 young (2048K), 1 survivors (2048K)
 Metaspace       used 73772K, capacity 74338K, committed 74576K, reserved 1114112K
  class space    used 9142K, capacity 9348K, committed 9472K, reserved 1048576K
}
Event: 1446.494 GC heap before
{Heap before GC invocations=140 (full 0):
 garbage-first heap   total 151552K, used 87615K [0x0000000711400000, 0x0000000800000000)
  region size 2048K, 13 young (26624K), 1 survivors (2048K)
 Metaspace       used 73788K, capacity 74338K, committed 74576K, reserved 1114112K
  class space    used 9142K, capacity 9348K, committed 9472K, reserved 1048576K
}
Event: 1446.496 GC heap after
{Heap after GC invocations=141 (full 0):
 garbage-first heap   total 151552K, used 42556K [0x0000000711400000, 0x0000000800000000)
  region size 2048K, 1 young (2048K), 1 survivors (2048K)
 Metaspace       used 73788K, capacity 74338K, committed 74576K, reserved 1114112K
  class space    used 9142K, capacity 9348K, committed 9472K, reserved 1048576K
}
Event: 1491.987 GC heap before
{Heap before GC invocations=142 (full 0):
 garbage-first heap   total 151552K, used 87612K [0x0000000711400000, 0x0000000800000000)
  region size 2048K, 5 young (10240K), 1 survivors (2048K)
 Metaspace       used 73801K, capacity 74402K, committed 74576K, reserved 1114112K
  class space    used 9142K, capacity 9348K, committed 9472K, reserved 1048576K
}
Event: 1491.988 GC heap after
{Heap after GC invocations=143 (full 0):
 garbage-first heap   total 151552K, used 30263K [0x0000000711400000, 0x0000000800000000)
  region size 2048K, 1 young (2048K), 1 survivors (2048K)
 Metaspace       used 73801K, capacity 74402K, committed 74576K, reserved 1114112K
  class space    used 9142K, capacity 9348K, committed 9472K, reserved 1048576K
}
Event: 1492.330 GC heap before
{Heap before GC invocations=144 (full 0):
 garbage-first heap   total 143360K, used 79415K [0x0000000711400000, 0x0000000800000000)
  region size 2048K, 10 young (20480K), 1 survivors (2048K)
 Metaspace       used 73815K, capacity 74402K, committed 74576K, reserved 1114112K
  class space    used 9142K, capacity 9348K, committed 9472K, reserved 1048576K
}
Event: 1492.331 GC heap after
{Heap after GC invocations=145 (full 0):
 garbage-first heap   total 143360K, used 43002K [0x0000000711400000, 0x0000000800000000)
  region size 2048K, 1 young (2048K), 1 survivors (2048K)
 Metaspace       used 73815K, capacity 74402K, committed 74576K, reserved 1114112K
  class space    used 9142K, capacity 9348K, committed 9472K, reserved 1048576K
}
Event: 1494.971 GC heap before
{Heap before GC invocations=146 (full 0):
 garbage-first heap   total 143360K, used 61434K [0x0000000711400000, 0x0000000800000000)
  region size 2048K, 3 young (6144K), 1 survivors (2048K)
 Metaspace       used 73822K, capacity 74402K, committed 74576K, reserved 1114112K
  class space    used 9142K, capacity 9348K, committed 9472K, reserved 1048576K
}
Event: 1494.972 GC heap after
{Heap after GC invocations=147 (full 0):
 garbage-first heap   total 143360K, used 30212K [0x0000000711400000, 0x0000000800000000)
  region size 2048K, 1 young (2048K), 1 survivors (2048K)
 Metaspace       used 73822K, capacity 74402K, committed 74576K, reserved 1114112K
  class space    used 9142K, capacity 9348K, committed 9472K, reserved 1048576K
}
Event: 1495.382 GC heap before
{Heap before GC invocations=148 (full 0):
 garbage-first heap   total 143360K, used 75268K [0x0000000711400000, 0x0000000800000000)
  region size 2048K, 10 young (20480K), 1 survivors (2048K)
 Metaspace       used 73823K, capacity 74402K, committed 74576K, reserved 1114112K
  class space    used 9142K, capacity 9348K, committed 9472K, reserved 1048576K
}
Event: 1495.383 GC heap after
{Heap after GC invocations=149 (full 0):
 garbage-first heap   total 143360K, used 34311K [0x0000000711400000, 0x0000000800000000)
  region size 2048K, 1 young (2048K), 1 survivors (2048K)
 Metaspace       used 73823K, capacity 74402K, committed 74576K, reserved 1114112K
  class space    used 9142K, capacity 9348K, committed 9472K, reserved 1048576K
}
Event: 1529.547 GC heap before
{Heap before GC invocations=150 (full 0):
 garbage-first heap   total 143360K, used 62983K [0x0000000711400000, 0x0000000800000000)
  region size 2048K, 4 young (8192K), 1 survivors (2048K)
 Metaspace       used 73844K, capacity 74402K, committed 74576K, reserved 1114112K
  class space    used 9142K, capacity 9348K, committed 9472K, reserved 1048576K
}
Event: 1529.548 GC heap after
{Heap after GC invocations=151 (full 0):
 garbage-first heap   total 143360K, used 34323K [0x0000000711400000, 0x0000000800000000)
  region size 2048K, 1 young (2048K), 1 survivors (2048K)
 Metaspace       used 73844K, capacity 74402K, committed 74576K, reserved 1114112K
  class space    used 9142K, capacity 9348K, committed 9472K, reserved 1048576K
}
Event: 1530.093 GC heap before
{Heap before GC invocations=152 (full 0):
 garbage-first heap   total 143360K, used 73235K [0x0000000711400000, 0x0000000800000000)
  region size 2048K, 10 young (20480K), 1 survivors (2048K)
 Metaspace       used 73850K, capacity 74402K, committed 74576K, reserved 1114112K
  class space    used 9142K, capacity 9348K, committed 9472K, reserved 1048576K
}
Event: 1530.094 GC heap after
{Heap after GC invocations=153 (full 0):
 garbage-first heap   total 143360K, used 34316K [0x0000000711400000, 0x0000000800000000)
  region size 2048K, 1 young (2048K), 1 survivors (2048K)
 Metaspace       used 73850K, capacity 74402K, committed 74576K, reserved 1114112K
  class space    used 9142K, capacity 9348K, committed 9472K, reserved 1048576K
}
Event: 1533.005 GC heap before
{Heap before GC invocations=154 (full 0):
 garbage-first heap   total 143360K, used 60940K [0x0000000711400000, 0x0000000800000000)
  region size 2048K, 3 young (6144K), 1 survivors (2048K)
 Metaspace       used 73861K, capacity 74466K, committed 74832K, reserved 1114112K
  class space    used 9142K, capacity 9348K, committed 9472K, reserved 1048576K
}
Event: 1533.006 GC heap after
{Heap after GC invocations=155 (full 0):
 garbage-first heap   total 143360K, used 34333K [0x0000000711400000, 0x0000000800000000)
  region size 2048K, 1 young (2048K), 1 survivors (2048K)
 Metaspace       used 73861K, capacity 74466K, committed 74832K, reserved 1114112K
  class space    used 9142K, capacity 9348K, committed 9472K, reserved 1048576K
}
Event: 1533.497 GC heap before
{Heap before GC invocations=156 (full 0):
 garbage-first heap   total 143360K, used 75293K [0x0000000711400000, 0x0000000800000000)
  region size 2048K, 10 young (20480K), 1 survivors (2048K)
 Metaspace       used 73863K, capacity 74466K, committed 74832K, reserved 1114112K
  class space    used 9142K, capacity 9348K, committed 9472K, reserved 1048576K
}
Event: 1533.498 GC heap after
{Heap after GC invocations=157 (full 0):
 garbage-first heap   total 143360K, used 34327K [0x0000000711400000, 0x0000000800000000)
  region size 2048K, 1 young (2048K), 1 survivors (2048K)
 Metaspace       used 73863K, capacity 74466K, committed 74832K, reserved 1114112K
  class space    used 9142K, capacity 9348K, committed 9472K, reserved 1048576K
}

Deoptimization events (20 events):
Event: 1494.945 Thread 0x000001e5d41e1e90 Uncommon trap: trap_request=0xffffffbe fr.pc=0x000001e5bbecfa1c relative=0x0000000000000cdc
Event: 1494.945 Thread 0x000001e5d41e1e90 Uncommon trap: reason=profile_predicate action=maybe_recompile pc=0x000001e5bbecfa1c method=java.math.BigInteger.montReduce([I[III)[I @ 56 c2
Event: 1494.945 Thread 0x000001e5d41e1e90 DEOPT PACKING pc=0x000001e5bbecfa1c sp=0x000000d60b1fbfe0
Event: 1494.945 Thread 0x000001e5d41e1e90 DEOPT UNPACKING pc=0x000001e5b3f4e42f sp=0x000000d60b1fbfb8 mode 2
Event: 1494.945 Thread 0x000001e5d41e1e90 Uncommon trap: trap_request=0xffffffbe fr.pc=0x000001e5bbecfa1c relative=0x0000000000000cdc
Event: 1494.945 Thread 0x000001e5d41e1e90 Uncommon trap: reason=profile_predicate action=maybe_recompile pc=0x000001e5bbecfa1c method=java.math.BigInteger.montReduce([I[III)[I @ 56 c2
Event: 1494.945 Thread 0x000001e5d41e1e90 DEOPT PACKING pc=0x000001e5bbecfa1c sp=0x000000d60b1fbfe0
Event: 1494.945 Thread 0x000001e5d41e1e90 DEOPT UNPACKING pc=0x000001e5b3f4e42f sp=0x000000d60b1fbfb8 mode 2
Event: 1494.945 Thread 0x000001e5d41e1e90 Uncommon trap: trap_request=0xffffffbe fr.pc=0x000001e5bbecfa1c relative=0x0000000000000cdc
Event: 1494.945 Thread 0x000001e5d41e1e90 Uncommon trap: reason=profile_predicate action=maybe_recompile pc=0x000001e5bbecfa1c method=java.math.BigInteger.montReduce([I[III)[I @ 56 c2
Event: 1494.945 Thread 0x000001e5d41e1e90 DEOPT PACKING pc=0x000001e5bbecfa1c sp=0x000000d60b1fbfe0
Event: 1494.945 Thread 0x000001e5d41e1e90 DEOPT UNPACKING pc=0x000001e5b3f4e42f sp=0x000000d60b1fbfb8 mode 2
Event: 1494.946 Thread 0x000001e5d41e1e90 Uncommon trap: trap_request=0xffffffbe fr.pc=0x000001e5bbec2190 relative=0x0000000000000a50
Event: 1494.946 Thread 0x000001e5d41e1e90 Uncommon trap: reason=profile_predicate action=maybe_recompile pc=0x000001e5bbec2190 method=java.math.BigInteger.montReduce([I[III)[I @ 9 c2
Event: 1494.946 Thread 0x000001e5d41e1e90 DEOPT PACKING pc=0x000001e5bbec2190 sp=0x000000d60b1fbfe0
Event: 1494.946 Thread 0x000001e5d41e1e90 DEOPT UNPACKING pc=0x000001e5b3f4e42f sp=0x000000d60b1fbfc0 mode 2
Event: 1494.946 Thread 0x000001e5d41e2360 Uncommon trap: trap_request=0xffffffbe fr.pc=0x000001e5bbec2190 relative=0x0000000000000a50
Event: 1494.946 Thread 0x000001e5d41e2360 Uncommon trap: reason=profile_predicate action=maybe_recompile pc=0x000001e5bbec2190 method=java.math.BigInteger.montReduce([I[III)[I @ 9 c2
Event: 1494.946 Thread 0x000001e5d41e2360 DEOPT PACKING pc=0x000001e5bbec2190 sp=0x000000d60b4fc170
Event: 1494.946 Thread 0x000001e5d41e2360 DEOPT UNPACKING pc=0x000001e5b3f4e42f sp=0x000000d60b4fc150 mode 2

Classes unloaded (1 events):
Event: 50.967 Thread 0x000001e5cea7f080 Unloading class 0x0000000801407c40 'java/lang/invoke/LambdaForm$DMH+0x0000000801407c40'

Classes redefined (0 events):
No events

Internal exceptions (20 events):
Event: 6.780 Thread 0x000001e5abccc6b0 Exception <a 'java/lang/ClassNotFoundException'{0x000000071d5a41d0}: java/lang/ObjectCustomizer> (0x000000071d5a41d0) 
thrown [./open/src/hotspot/share/classfile/systemDictionary.cpp, line 295]
Event: 6.780 Thread 0x000001e5abccc6b0 Exception <a 'java/lang/ClassNotFoundException'{0x000000071d5ab0c8}: org/springframework/security/config/annotation/web/configuration/HttpSecurityConfigurationCustomizer> (0x000000071d5ab0c8) 
thrown [./open/src/hotspot/share/classfile/systemDictionary.cpp, line 295]
Event: 6.832 Thread 0x000001e5abccc6b0 Exception <a 'java/lang/NoSuchMethodError'{0x000000071d355dc8}: 'void java.lang.invoke.DirectMethodHandle$Holder.invokeVirtual(java.lang.Object, java.lang.Object, int)'> (0x000000071d355dc8) 
thrown [./open/src/hotspot/share/interpreter/linkResolver.cpp, line 782]
Event: 6.835 Thread 0x000001e5abccc6b0 Exception <a 'java/lang/NoSuchMethodError'{0x000000071d372288}: 'void java.lang.invoke.DirectMethodHandle$Holder.invokeVirtual(java.lang.Object, java.lang.Object, long)'> (0x000000071d372288) 
thrown [./open/src/hotspot/share/interpreter/linkResolver.cpp, line 782]
Event: 6.936 Thread 0x000001e5abccc6b0 Implicit null exception at 0x000001e5bbac5a5e to 0x000001e5bbac77a9
Event: 6.936 Thread 0x000001e5abccc6b0 Implicit null exception at 0x000001e5bbaffe5a to 0x000001e5bbb0005c
Event: 6.999 Thread 0x000001e5abccc6b0 Exception <a 'java/lang/NoSuchMethodError'{0x0000000713d13790}: 'java.lang.Object java.lang.invoke.DirectMethodHandle$Holder.invokeSpecial(java.lang.Object, java.lang.Object, int, java.lang.Object, int, java.lang.Object)'> (0x0000000713d13790) 
thrown [./open/src/hotspot/share/interpreter/linkResolver.cpp, line 782]
Event: 7.000 Thread 0x000001e5abccc6b0 Exception <a 'java/lang/NoSuchMethodError'{0x0000000713d1c1b8}: 'java.lang.Object java.lang.invoke.DirectMethodHandle$Holder.newInvokeSpecial(java.lang.Object, java.lang.Object, int, java.lang.Object, int)'> (0x0000000713d1c1b8) 
thrown [./open/src/hotspot/share/interpreter/linkResolver.cpp, line 782]
Event: 7.000 Thread 0x000001e5abccc6b0 Exception <a 'java/lang/NoSuchMethodError'{0x0000000713d203c8}: 'java.lang.Object java.lang.invoke.DirectMethodHandle$Holder.invokeSpecial(java.lang.Object, java.lang.Object, java.lang.Object, int, java.lang.Object, int)'> (0x0000000713d203c8) 
thrown [./open/src/hotspot/share/interpreter/linkResolver.cpp, line 782]
Event: 7.002 Thread 0x000001e5abccc6b0 Exception <a 'java/lang/NoSuchMethodError'{0x0000000713d2a3d8}: 'void java.lang.invoke.DirectMethodHandle$Holder.invokeVirtual(java.lang.Object, java.lang.Object)'> (0x0000000713d2a3d8) 
thrown [./open/src/hotspot/share/interpreter/linkResolver.cpp, line 782]
Event: 7.155 Thread 0x000001e5abccc6b0 Exception <a 'java/lang/NullPointerException'{0x000000071d2ecde0}> (0x000000071d2ecde0) 
thrown [./open/src/hotspot/share/interpreter/linkResolver.cpp, line 1457]
Event: 7.333 Thread 0x000001e5abccc6b0 Exception <a 'java/lang/ClassNotFoundException'{0x000000071d346ca8}: com/sun/org/apache/xerces/internal/impl/xpath/regex/spi/messageProvider> (0x000000071d346ca8) 
thrown [./open/src/hotspot/share/classfile/systemDictionary.cpp, line 295]
Event: 8.184 Thread 0x000001e5abccc6b0 Exception <a 'java/lang/NoSuchMethodError'{0x000000071ccedaf8}: 'java.lang.Object java.lang.invoke.DirectMethodHandle$Holder.invokeStaticInit(java.lang.Object, java.lang.Object, java.lang.Object, java.lang.Object, java.lang.Object, java.lang.Object)'> (0x000000071ccedaf8) 
thrown [./open/src/hotspot/share/interpreter/linkResolver.cpp, line 782]
Event: 9.178 Thread 0x000001e5abccc6b0 Implicit null exception at 0x000001e5bba00574 to 0x000001e5bba00b58
Event: 15.517 Thread 0x000001e5d051cfb0 Implicit null exception at 0x000001e5bbd4bfb9 to 0x000001e5bbd4c338
Event: 17.052 Thread 0x000001e5d41e49e0 Exception <a 'java/lang/NoSuchMethodError'{0x000000071d54c1f0}: 'java.lang.Object java.lang.invoke.DirectMethodHandle$Holder.invokeStatic(java.lang.Object, int, java.lang.Object)'> (0x000000071d54c1f0) 
thrown [./open/src/hotspot/share/interpreter/linkResolver.cpp, line 782]
Event: 740.193 Thread 0x000001e5d41e36a0 Implicit null exception at 0x000001e5bbde9732 to 0x000001e5bbde97e0
Event: 1444.803 Thread 0x000001e5d41e1e90 Implicit null exception at 0x000001e5bbe74e5b to 0x000001e5bbe75df4
Event: 1444.805 Thread 0x000001e5d41e1e90 Implicit null exception at 0x000001e5bbe74e5b to 0x000001e5bbe75df4
Event: 1444.806 Thread 0x000001e5d41e1e90 Implicit null exception at 0x000001e5bbe74e5b to 0x000001e5bbe75df4

Events (20 events):
Event: 1533.005 Executing VM operation: G1TryInitiateConcMark
Event: 1533.006 Executing VM operation: G1TryInitiateConcMark done
Event: 1533.006 Executing VM operation: HandshakeAllThreads
Event: 1533.007 Executing VM operation: HandshakeAllThreads done
Event: 1533.035 Executing VM operation: G1Concurrent
Event: 1533.039 Executing VM operation: G1Concurrent done
Event: 1533.052 Executing VM operation: G1Concurrent
Event: 1533.052 Executing VM operation: G1Concurrent done
Event: 1533.497 Executing VM operation: G1TryInitiateConcMark
Event: 1533.498 Executing VM operation: G1TryInitiateConcMark done
Event: 1533.526 Executing VM operation: G1Concurrent
Event: 1533.529 Executing VM operation: G1Concurrent done
Event: 1533.529 Executing VM operation: HandshakeAllThreads
Event: 1533.529 Executing VM operation: HandshakeAllThreads done
Event: 1533.547 Executing VM operation: G1Concurrent
Event: 1533.547 Executing VM operation: G1Concurrent done
Event: 1533.547 Executing VM operation: HandshakeAllThreads
Event: 1533.547 Executing VM operation: HandshakeAllThreads done
Event: 1534.560 Executing VM operation: HandshakeAllThreads
Event: 1534.560 Executing VM operation: HandshakeAllThreads done


Dynamic libraries:
0x00007ff60f690000 - 0x00007ff60f69d000 	C:\Users\blapa\.jdks\openjdk-15.0.2\bin\java.exe
0x00007ffa36890000 - 0x00007ffa36a85000 	C:\WINDOWS\SYSTEM32\ntdll.dll
0x00007ffa361b0000 - 0x00007ffa3626d000 	C:\WINDOWS\System32\KERNEL32.DLL
0x00007ffa34530000 - 0x00007ffa347f9000 	C:\WINDOWS\System32\KERNELBASE.dll
0x00007ffa34800000 - 0x00007ffa34900000 	C:\WINDOWS\System32\ucrtbase.dll
0x00007ffa2fb50000 - 0x00007ffa2fb68000 	C:\Users\blapa\.jdks\openjdk-15.0.2\bin\jli.dll
0x00007ffa2fb00000 - 0x00007ffa2fb19000 	C:\Users\blapa\.jdks\openjdk-15.0.2\bin\VCRUNTIME140.dll
0x00007ffa366b0000 - 0x00007ffa36850000 	C:\WINDOWS\System32\USER32.dll
0x00007ffa34200000 - 0x00007ffa34222000 	C:\WINDOWS\System32\win32u.dll
0x00007ffa353d0000 - 0x00007ffa353fa000 	C:\WINDOWS\System32\GDI32.dll
0x00007ffa33fd0000 - 0x00007ffa340db000 	C:\WINDOWS\System32\gdi32full.dll
0x00007ffa1e610000 - 0x00007ffa1e8aa000 	C:\WINDOWS\WinSxS\amd64_microsoft.windows.common-controls_6595b64144ccf1df_6.0.19041.1083_none_60bbe31371f34e71\COMCTL32.dll
0x00007ffa34280000 - 0x00007ffa3431d000 	C:\WINDOWS\System32\msvcp_win.dll
0x00007ffa35170000 - 0x00007ffa3520e000 	C:\WINDOWS\System32\msvcrt.dll
0x00007ffa35b40000 - 0x00007ffa35b70000 	C:\WINDOWS\System32\IMM32.DLL
0x00007ffa2faf0000 - 0x00007ffa2fafc000 	C:\Users\blapa\.jdks\openjdk-15.0.2\bin\vcruntime140_1.dll
0x00007ffa1ded0000 - 0x00007ffa1df61000 	C:\Users\blapa\.jdks\openjdk-15.0.2\bin\msvcp140.dll
0x00007ff9b5d10000 - 0x00007ff9b686e000 	C:\Users\blapa\.jdks\openjdk-15.0.2\bin\server\jvm.dll
0x00007ffa362d0000 - 0x00007ffa3637c000 	C:\WINDOWS\System32\ADVAPI32.dll
0x00007ffa35c90000 - 0x00007ffa35d2b000 	C:\WINDOWS\System32\sechost.dll
0x00007ffa36380000 - 0x00007ffa364aa000 	C:\WINDOWS\System32\RPCRT4.dll
0x00007ffa34a30000 - 0x00007ffa34a38000 	C:\WINDOWS\System32\PSAPI.DLL
0x00007ffa29110000 - 0x00007ffa29137000 	C:\WINDOWS\SYSTEM32\WINMM.dll
0x00007ffa29140000 - 0x00007ffa2914a000 	C:\WINDOWS\SYSTEM32\VERSION.dll
0x00007ffa1c8b0000 - 0x00007ffa1c8b9000 	C:\WINDOWS\SYSTEM32\WSOCK32.dll
0x00007ffa36140000 - 0x00007ffa361ab000 	C:\WINDOWS\System32\WS2_32.dll
0x00007ffa328e0000 - 0x00007ffa328f2000 	C:\WINDOWS\SYSTEM32\kernel.appcore.dll
0x00007ffa2fae0000 - 0x00007ffa2faea000 	C:\Users\blapa\.jdks\openjdk-15.0.2\bin\jimage.dll
0x00007ffa326a0000 - 0x00007ffa32884000 	C:\WINDOWS\SYSTEM32\DBGHELP.DLL
0x00007ffa26d10000 - 0x00007ffa26d3c000 	C:\WINDOWS\SYSTEM32\dbgcore.DLL
0x00007ffa34140000 - 0x00007ffa341c3000 	C:\WINDOWS\System32\bcryptPrimitives.dll
0x00007ffa2ce30000 - 0x00007ffa2ce3e000 	C:\Users\blapa\.jdks\openjdk-15.0.2\bin\instrument.dll
0x00007ffa2cf20000 - 0x00007ffa2cf45000 	C:\Users\blapa\.jdks\openjdk-15.0.2\bin\java.dll
0x00007ffa35400000 - 0x00007ffa35b3f000 	C:\WINDOWS\System32\SHELL32.dll
0x00007ffa31e30000 - 0x00007ffa325c1000 	C:\WINDOWS\SYSTEM32\windows.storage.dll
0x00007ffa35d30000 - 0x00007ffa36085000 	C:\WINDOWS\System32\combase.dll
0x00007ffa33a40000 - 0x00007ffa33a6c000 	C:\WINDOWS\SYSTEM32\Wldp.dll
0x00007ffa36090000 - 0x00007ffa3613e000 	C:\WINDOWS\System32\SHCORE.dll
0x00007ffa34ca0000 - 0x00007ffa34cf5000 	C:\WINDOWS\System32\shlwapi.dll
0x00007ffa33f10000 - 0x00007ffa33f2f000 	C:\WINDOWS\SYSTEM32\profapi.dll
0x00007ffa2ce40000 - 0x00007ffa2ce58000 	C:\Users\blapa\.jdks\openjdk-15.0.2\bin\zip.dll
0x00007ffa2fac0000 - 0x00007ffa2fad9000 	C:\Users\blapa\.jdks\openjdk-15.0.2\bin\net.dll
0x00007ffa2da50000 - 0x00007ffa2db5a000 	C:\WINDOWS\SYSTEM32\WINHTTP.dll
0x00007ffa337a0000 - 0x00007ffa3380a000 	C:\WINDOWS\system32\mswsock.dll
0x00007ffa2ce60000 - 0x00007ffa2ce72000 	C:\Users\blapa\.jdks\openjdk-15.0.2\bin\nio.dll
0x00007ffa2bc40000 - 0x00007ffa2bc5a000 	C:\Program Files\JetBrains\IntelliJ IDEA Community Edition 2020.3.2\bin\breakgen64.dll
0x00007ffa2cdc0000 - 0x00007ffa2cdd0000 	C:\Users\blapa\.jdks\openjdk-15.0.2\bin\verify.dll
0x00007ffa2cdb0000 - 0x00007ffa2cdb9000 	C:\Users\blapa\.jdks\openjdk-15.0.2\bin\management.dll
0x00007ffa2cd30000 - 0x00007ffa2cd3b000 	C:\Users\blapa\.jdks\openjdk-15.0.2\bin\management_ext.dll
0x00007ffa13630000 - 0x00007ffa13647000 	C:\WINDOWS\system32\napinsp.dll
0x00007ffa13610000 - 0x00007ffa1362b000 	C:\WINDOWS\system32\pnrpnsp.dll
0x00007ffa2eda0000 - 0x00007ffa2edb5000 	C:\WINDOWS\system32\wshbth.dll
0x00007ffa2fa30000 - 0x00007ffa2fa4d000 	C:\WINDOWS\system32\NLAapi.dll
0x00007ffa33440000 - 0x00007ffa3347b000 	C:\WINDOWS\SYSTEM32\IPHLPAPI.DLL
0x00007ffa33490000 - 0x00007ffa3355c000 	C:\WINDOWS\SYSTEM32\DNSAPI.dll
0x00007ffa364c0000 - 0x00007ffa364c8000 	C:\WINDOWS\System32\NSI.dll
0x00007ffa135f0000 - 0x00007ffa13602000 	C:\WINDOWS\System32\winrnr.dll
0x00007ffa2bac0000 - 0x00007ffa2baca000 	C:\Windows\System32\rasadhlp.dll
0x00007ffa27320000 - 0x00007ffa2739f000 	C:\WINDOWS\System32\fwpuclnt.dll
0x00007ffa341d0000 - 0x00007ffa341f7000 	C:\WINDOWS\System32\bcrypt.dll
0x00007ffa33980000 - 0x00007ffa33998000 	C:\WINDOWS\SYSTEM32\CRYPTSP.dll
0x00007ffa330d0000 - 0x00007ffa33104000 	C:\WINDOWS\system32\rsaenh.dll
0x00007ffa33e90000 - 0x00007ffa33ebe000 	C:\WINDOWS\SYSTEM32\USERENV.dll
0x00007ffa339a0000 - 0x00007ffa339ac000 	C:\WINDOWS\SYSTEM32\CRYPTBASE.dll
0x00007ffa2a480000 - 0x00007ffa2a497000 	C:\WINDOWS\SYSTEM32\dhcpcsvc6.DLL
0x00007ffa2b920000 - 0x00007ffa2b93d000 	C:\WINDOWS\SYSTEM32\dhcpcsvc.DLL
0x00007ffa2b910000 - 0x00007ffa2b91d000 	C:\Users\blapa\.jdks\openjdk-15.0.2\bin\sunmscapi.dll
0x00007ffa34320000 - 0x00007ffa3447f000 	C:\WINDOWS\System32\CRYPT32.dll
0x00007ffa33ab0000 - 0x00007ffa33ad7000 	C:\WINDOWS\SYSTEM32\ncrypt.dll
0x00007ffa33a70000 - 0x00007ffa33aab000 	C:\WINDOWS\SYSTEM32\NTASN1.dll

dbghelp: loaded successfully - version: 4.0.5 - missing functions: none
symbol engine: initialized successfully - sym options: 0x614 - pdb path: .;C:\Users\blapa\.jdks\openjdk-15.0.2\bin;C:\WINDOWS\SYSTEM32;C:\WINDOWS\WinSxS\amd64_microsoft.windows.common-controls_6595b64144ccf1df_6.0.19041.1083_none_60bbe31371f34e71;C:\Users\blapa\.jdks\openjdk-15.0.2\bin\server;C:\Program Files\JetBrains\IntelliJ IDEA Community Edition 2020.3.2\bin

VM Arguments:
jvm_args: -javaagent:C:\Program Files\JetBrains\IntelliJ IDEA Community Edition 2020.3.2\lib\idea_rt.jar=60807:C:\Program Files\JetBrains\IntelliJ IDEA Community Edition 2020.3.2\bin -Dfile.encoding=UTF-8 
java_command: com.hockey43.iInTeam.JourneymanApplication
java_class_path (initial): F:\Projects\Hockey43\iInTeam\Backend\target\classes;C:\Users\blapa\.m2\repository\org\springframework\boot\spring-boot-starter-data-jpa\2.4.3\spring-boot-starter-data-jpa-2.4.3.jar;C:\Users\blapa\.m2\repository\org\springframework\boot\spring-boot-starter-aop\2.4.3\spring-boot-starter-aop-2.4.3.jar;C:\Users\blapa\.m2\repository\org\aspectj\aspectjweaver\1.9.6\aspectjweaver-1.9.6.jar;C:\Users\blapa\.m2\repository\org\springframework\boot\spring-boot-starter-jdbc\2.4.3\spring-boot-starter-jdbc-2.4.3.jar;C:\Users\blapa\.m2\repository\com\zaxxer\HikariCP\3.4.5\HikariCP-3.4.5.jar;C:\Users\blapa\.m2\repository\org\springframework\spring-jdbc\5.3.4\spring-jdbc-5.3.4.jar;C:\Users\blapa\.m2\repository\jakarta\transaction\jakarta.transaction-api\1.3.3\jakarta.transaction-api-1.3.3.jar;C:\Users\blapa\.m2\repository\jakarta\persistence\jakarta.persistence-api\2.2.3\jakarta.persistence-api-2.2.3.jar;C:\Users\blapa\.m2\repository\org\springframework\data\spring-data-jpa\2.4.5\spring-data-jpa-2.4.5.jar;C:\Users\blapa\.m2\repository\org\springframework\data\spring-data-commons\2.4.5\spring-data-commons-2.4.5.jar;C:\Users\blapa\.m2\repository\org\springframework\spring-orm\5.3.4\spring-orm-5.3.4.jar;C:\Users\blapa\.m2\repository\org\springframework\spring-tx\5.3.4\spring-tx-5.3.4.jar;C:\Users\blapa\.m2\repository\org\slf4j\slf4j-api\1.7.30\slf4j-api-1.7.30.jar;C:\Users\blapa\.m2\repository\org\springframework\spring-aspects\5.3.4\spring-aspects-5.3.4.jar;C:\Users\blapa\.m2\repository\org\springframework\boot\spring-boot-starter-web\2.4.3\spring-boot-starter-web-2.4.3.jar;C:\Users\blapa\.m2\repository\org\springframework\boot\spring-boot-starter\2.4.3\spring-boot-starter-2.4.3.jar;C:\Users\blapa\.m2\repository\org\springframework\boot\spring-boot\2.4.3\spring-boot-2.4.3.jar;C:\Users\blapa\.m2\repository\org\springframework\boot\spring-boot-autoconfigure\2.4.3\spring-boot-autoconfigure-2.4.3.jar;C:\Users\blapa\.m2\repository\org\springframework\boot\spring
Launcher Type: SUN_STANDARD

[Global flags]
     intx CICompilerCount                          = 4                                         {product} {ergonomic}
     uint ConcGCThreads                            = 2                                         {product} {ergonomic}
     uint G1ConcRefinementThreads                  = 8                                         {product} {ergonomic}
   size_t G1HeapRegionSize                         = 2097152                                   {product} {ergonomic}
    uintx GCDrainStackTargetSize                   = 64                                        {product} {ergonomic}
   size_t InitialHeapSize                          = 251658240                                 {product} {ergonomic}
   size_t MarkStackSize                            = 4194304                                   {product} {ergonomic}
   size_t MaxHeapSize                              = 4005560320                                {product} {ergonomic}
   size_t MaxNewSize                               = 2403336192                                {product} {ergonomic}
   size_t MinHeapDeltaBytes                        = 2097152                                   {product} {ergonomic}
   size_t MinHeapSize                              = 8388608                                   {product} {ergonomic}
    uintx NonNMethodCodeHeapSize                   = 5839372                                {pd product} {ergonomic}
    uintx NonProfiledCodeHeapSize                  = 122909434                              {pd product} {ergonomic}
    uintx ProfiledCodeHeapSize                     = 122909434                              {pd product} {ergonomic}
    uintx ReservedCodeCacheSize                    = 251658240                              {pd product} {ergonomic}
     bool SegmentedCodeCache                       = true                                      {product} {ergonomic}
   size_t SoftMaxHeapSize                          = 4005560320                             {manageable} {ergonomic}
     bool UseCompressedClassPointers               = true                                 {lp64_product} {ergonomic}
     bool UseCompressedOops                        = true                                 {lp64_product} {ergonomic}
     bool UseG1GC                                  = true                                      {product} {ergonomic}
     bool UseLargePagesIndividualAllocation        = false                                  {pd product} {ergonomic}

Logging:
Log output configuration:
 #0: stdout all=warning uptime,level,tags
 #1: stderr all=off uptime,level,tags

Environment Variables:
JAVA_HOME=C:\Program Files\Java\jdk-15.0.2
PATH=C:\Python39\Scripts\;C:\Python39\;C:\Program Files (x86)\Common Files\Oracle\Java\javapath;C:\Program Files (x86)\NVIDIA Corporation\PhysX\Common;C:\WINDOWS\system32;C:\WINDOWS;C:\WINDOWS\System32\Wbem;C:\WINDOWS\System32\WindowsPowerShell\v1.0\;C:\WINDOWS\System32\OpenSSH\;C:\Program Files\Git\cmd;C:\Program Files\nodejs\;C:\ProgramData\chocolatey\bin;C:\Users\blapa\AppData\Local\Microsoft\WindowsApps;C:\Users\blapa\AppData\Roaming\npm;C:\Users\blapa\AppData\Local\Programs\Microsoft VS Code\bin
USERNAME=blapa
OS=Windows_NT
PROCESSOR_IDENTIFIER=AMD64 Family 23 Model 17 Stepping 0, AuthenticAMD



---------------  S Y S T E M  ---------------

OS:
 Windows 10 , 64 bit Build 19041 (10.0.19041.1023)
OS uptime: 1 days 13:09 hours

CPU: total 8 (initial active 8) (8 cores per cpu, 2 threads per core) family 23 model 17 stepping 0 microcode 0x0, cmov, cx8, fxsr, mmx, sse, sse2, sse3, ssse3, sse4.1, sse4.2, popcnt, vzeroupper, avx, avx2, aes, clmul, 3dnowpref, lzcnt, sse4a, ht, tsc, tscinvbit, tscinv, bmi1, bmi2, adx, sha, fma, clflush, clflushopt

Memory: 4k page, system-wide physical 15272M (5666M free)
TotalPageFile size 22765M (AvailPageFile size 4345M)
current process WorkingSet (physical memory assigned to process): 317M, peak: 333M
current process commit charge ("private bytes"): 369M, peak: 417M

vm_info: OpenJDK 64-Bit Server VM (15.0.2+7-27) for windows-amd64 JRE (15.0.2+7-27), built on Dec  7 2020 20:02:38 by "mach5one" with unknown MS VC++:1925

END.
